18:54:36.602 [main] ERROR org.server.websocket.NettyInitListen - Netty 錯誤: Address already in use
18:54:36.926 [main] ERROR org.server.client.controller.OkHttpController - message
18:54:36.985 [main] ERROR org.server.client.uitl.OkHttpUtil - 
java.net.ConnectException: Failed to connect to localhost/0:0:0:0:0:0:0:1:8081
	at okhttp3.internal.connection.RealConnection.connectSocket(RealConnection.java:225) ~[okhttp-3.8.1.jar:?]
	at okhttp3.internal.connection.RealConnection.connect(RealConnection.java:149) ~[okhttp-3.8.1.jar:?]
	at okhttp3.internal.connection.StreamAllocation.findConnection(StreamAllocation.java:195) ~[okhttp-3.8.1.jar:?]
	at okhttp3.internal.connection.StreamAllocation.findHealthyConnection(StreamAllocation.java:121) ~[okhttp-3.8.1.jar:?]
	at okhttp3.internal.connection.StreamAllocation.newStream(StreamAllocation.java:100) ~[okhttp-3.8.1.jar:?]
	at okhttp3.internal.connection.ConnectInterceptor.intercept(ConnectInterceptor.java:42) ~[okhttp-3.8.1.jar:?]
	at okhttp3.internal.http.RealInterceptorChain.proceed(RealInterceptorChain.java:92) ~[okhttp-3.8.1.jar:?]
	at okhttp3.internal.http.RealInterceptorChain.proceed(RealInterceptorChain.java:67) ~[okhttp-3.8.1.jar:?]
	at okhttp3.internal.cache.CacheInterceptor.intercept(CacheInterceptor.java:93) ~[okhttp-3.8.1.jar:?]
	at okhttp3.internal.http.RealInterceptorChain.proceed(RealInterceptorChain.java:92) ~[okhttp-3.8.1.jar:?]
	at okhttp3.internal.http.RealInterceptorChain.proceed(RealInterceptorChain.java:67) ~[okhttp-3.8.1.jar:?]
	at okhttp3.internal.http.BridgeInterceptor.intercept(BridgeInterceptor.java:93) ~[okhttp-3.8.1.jar:?]
	at okhttp3.internal.http.RealInterceptorChain.proceed(RealInterceptorChain.java:92) ~[okhttp-3.8.1.jar:?]
	at okhttp3.internal.http.RetryAndFollowUpInterceptor.intercept(RetryAndFollowUpInterceptor.java:120) ~[okhttp-3.8.1.jar:?]
	at okhttp3.internal.http.RealInterceptorChain.proceed(RealInterceptorChain.java:92) ~[okhttp-3.8.1.jar:?]
	at okhttp3.internal.http.RealInterceptorChain.proceed(RealInterceptorChain.java:67) ~[okhttp-3.8.1.jar:?]
	at okhttp3.RealCall.getResponseWithInterceptorChain(RealCall.java:185) ~[okhttp-3.8.1.jar:?]
	at okhttp3.RealCall.execute(RealCall.java:69) ~[okhttp-3.8.1.jar:?]
	at org.server.client.uitl.OkHttpUtil.post(OkHttpUtil.java:95) [classes/:?]
	at org.server.client.controller.OkHttpController.sendForm(OkHttpController.java:45) [classes/:?]
	at OkHttpControllerTest.testSendForm(OkHttpControllerTest.java:30) [test-classes/:?]
	at sun.reflect.NativeMethodAccessorImpl.invoke0(Native Method) ~[?:1.8.0_202]
	at sun.reflect.NativeMethodAccessorImpl.invoke(NativeMethodAccessorImpl.java:62) ~[?:1.8.0_202]
	at sun.reflect.DelegatingMethodAccessorImpl.invoke(DelegatingMethodAccessorImpl.java:43) ~[?:1.8.0_202]
	at java.lang.reflect.Method.invoke(Method.java:498) ~[?:1.8.0_202]
	at org.junit.runners.model.FrameworkMethod$1.runReflectiveCall(FrameworkMethod.java:59) [junit-4.13.2.jar:4.13.2]
	at org.junit.internal.runners.model.ReflectiveCallable.run(ReflectiveCallable.java:12) [junit-4.13.2.jar:4.13.2]
	at org.junit.runners.model.FrameworkMethod.invokeExplosively(FrameworkMethod.java:56) [junit-4.13.2.jar:4.13.2]
	at org.junit.internal.runners.statements.InvokeMethod.evaluate(InvokeMethod.java:17) [junit-4.13.2.jar:4.13.2]
	at org.springframework.test.context.junit4.statements.RunBeforeTestExecutionCallbacks.evaluate(RunBeforeTestExecutionCallbacks.java:74) [spring-test-5.2.13.RELEASE.jar:5.2.13.RELEASE]
	at org.springframework.test.context.junit4.statements.RunAfterTestExecutionCallbacks.evaluate(RunAfterTestExecutionCallbacks.java:84) [spring-test-5.2.13.RELEASE.jar:5.2.13.RELEASE]
	at org.springframework.test.context.junit4.statements.RunBeforeTestMethodCallbacks.evaluate(RunBeforeTestMethodCallbacks.java:75) [spring-test-5.2.13.RELEASE.jar:5.2.13.RELEASE]
	at org.springframework.test.context.junit4.statements.RunAfterTestMethodCallbacks.evaluate(RunAfterTestMethodCallbacks.java:86) [spring-test-5.2.13.RELEASE.jar:5.2.13.RELEASE]
	at org.springframework.test.context.junit4.statements.SpringRepeat.evaluate(SpringRepeat.java:84) [spring-test-5.2.13.RELEASE.jar:5.2.13.RELEASE]
	at org.junit.runners.ParentRunner.runLeaf(ParentRunner.java:366) [junit-4.13.2.jar:4.13.2]
	at org.springframework.test.context.junit4.SpringJUnit4ClassRunner.runChild(SpringJUnit4ClassRunner.java:251) [spring-test-5.2.13.RELEASE.jar:5.2.13.RELEASE]
	at org.springframework.test.context.junit4.SpringJUnit4ClassRunner.runChild(SpringJUnit4ClassRunner.java:97) [spring-test-5.2.13.RELEASE.jar:5.2.13.RELEASE]
	at org.junit.runners.ParentRunner$4.run(ParentRunner.java:331) [junit-4.13.2.jar:4.13.2]
	at org.junit.runners.ParentRunner$1.schedule(ParentRunner.java:79) [junit-4.13.2.jar:4.13.2]
	at org.junit.runners.ParentRunner.runChildren(ParentRunner.java:329) [junit-4.13.2.jar:4.13.2]
	at org.junit.runners.ParentRunner.access$100(ParentRunner.java:66) [junit-4.13.2.jar:4.13.2]
	at org.junit.runners.ParentRunner$2.evaluate(ParentRunner.java:293) [junit-4.13.2.jar:4.13.2]
	at org.springframework.test.context.junit4.statements.RunBeforeTestClassCallbacks.evaluate(RunBeforeTestClassCallbacks.java:61) [spring-test-5.2.13.RELEASE.jar:5.2.13.RELEASE]
	at org.springframework.test.context.junit4.statements.RunAfterTestClassCallbacks.evaluate(RunAfterTestClassCallbacks.java:70) [spring-test-5.2.13.RELEASE.jar:5.2.13.RELEASE]
	at org.junit.runners.ParentRunner$3.evaluate(ParentRunner.java:306) [junit-4.13.2.jar:4.13.2]
	at org.junit.runners.ParentRunner.run(ParentRunner.java:413) [junit-4.13.2.jar:4.13.2]
	at org.springframework.test.context.junit4.SpringJUnit4ClassRunner.run(SpringJUnit4ClassRunner.java:190) [spring-test-5.2.13.RELEASE.jar:5.2.13.RELEASE]
	at org.junit.runners.Suite.runChild(Suite.java:128) [junit-4.13.2.jar:4.13.2]
	at org.junit.runners.Suite.runChild(Suite.java:27) [junit-4.13.2.jar:4.13.2]
	at org.junit.runners.ParentRunner$4.run(ParentRunner.java:331) [junit-4.13.2.jar:4.13.2]
	at org.junit.runners.ParentRunner$1.schedule(ParentRunner.java:79) [junit-4.13.2.jar:4.13.2]
	at org.junit.runners.ParentRunner.runChildren(ParentRunner.java:329) [junit-4.13.2.jar:4.13.2]
	at org.junit.runners.ParentRunner.access$100(ParentRunner.java:66) [junit-4.13.2.jar:4.13.2]
	at org.junit.runners.ParentRunner$2.evaluate(ParentRunner.java:293) [junit-4.13.2.jar:4.13.2]
	at org.junit.runners.ParentRunner$3.evaluate(ParentRunner.java:306) [junit-4.13.2.jar:4.13.2]
	at org.junit.runners.ParentRunner.run(ParentRunner.java:413) [junit-4.13.2.jar:4.13.2]
	at org.junit.runner.JUnitCore.run(JUnitCore.java:137) [junit-4.13.2.jar:4.13.2]
	at com.intellij.junit4.JUnit4IdeaTestRunner.startRunnerWithArgs(JUnit4IdeaTestRunner.java:69) [junit-rt.jar:?]
	at com.intellij.rt.junit.IdeaTestRunner$Repeater$1.execute(IdeaTestRunner.java:38) [junit-rt.jar:?]
	at com.intellij.rt.execution.junit.TestsRepeater.repeat(TestsRepeater.java:11) [idea_rt.jar:?]
	at com.intellij.rt.junit.IdeaTestRunner$Repeater.startRunnerWithArgs(IdeaTestRunner.java:35) [junit-rt.jar:?]
	at com.intellij.rt.junit.JUnitStarter.prepareStreamsAndStart(JUnitStarter.java:235) [junit-rt.jar:?]
	at com.intellij.rt.junit.JUnitStarter.main(JUnitStarter.java:54) [junit-rt.jar:?]
Caused by: java.net.ConnectException: Connection refused (Connection refused)
	at java.net.PlainSocketImpl.socketConnect(Native Method) ~[?:1.8.0_202]
	at java.net.AbstractPlainSocketImpl.doConnect(AbstractPlainSocketImpl.java:350) ~[?:1.8.0_202]
	at java.net.AbstractPlainSocketImpl.connectToAddress(AbstractPlainSocketImpl.java:206) ~[?:1.8.0_202]
	at java.net.AbstractPlainSocketImpl.connect(AbstractPlainSocketImpl.java:188) ~[?:1.8.0_202]
	at java.net.SocksSocketImpl.connect(SocksSocketImpl.java:392) ~[?:1.8.0_202]
	at java.net.Socket.connect(Socket.java:589) ~[?:1.8.0_202]
	at okhttp3.internal.platform.Platform.connectSocket(Platform.java:124) ~[okhttp-3.8.1.jar:?]
	at okhttp3.internal.connection.RealConnection.connectSocket(RealConnection.java:223) ~[okhttp-3.8.1.jar:?]
	... 62 more
18:56:16.003 [main] ERROR org.server.websocket.NettyInitListen - Netty 錯誤: Address already in use
18:56:16.331 [main] ERROR org.server.client.controller.OkHttpController - message
