18:53:53.433 [main] WARN  io.netty.resolver.dns.DnsServerAddressStreamProviders - Unable to load io.netty.resolver.dns.macos.MacOSDnsServerAddressStreamProvider, fallback to system defaults. This may result in incorrect DNS resolutions on MacOS.
java.lang.ClassNotFoundException: io.netty.resolver.dns.macos.MacOSDnsServerAddressStreamProvider
	at java.net.URLClassLoader.findClass(URLClassLoader.java:382) ~[?:1.8.0_202]
	at java.lang.ClassLoader.loadClass(ClassLoader.java:424) ~[?:1.8.0_202]
	at sun.misc.Launcher$AppClassLoader.loadClass(Launcher.java:349) ~[?:1.8.0_202]
	at java.lang.ClassLoader.loadClass(ClassLoader.java:357) ~[?:1.8.0_202]
	at java.lang.Class.forName0(Native Method) ~[?:1.8.0_202]
	at java.lang.Class.forName(Class.java:348) ~[?:1.8.0_202]
	at io.netty.resolver.dns.DnsServerAddressStreamProviders$1.run(DnsServerAddressStreamProviders.java:50) ~[netty-resolver-dns-4.1.59.Final.jar:4.1.59.Final]
	at java.security.AccessController.doPrivileged(Native Method) ~[?:1.8.0_202]
	at io.netty.resolver.dns.DnsServerAddressStreamProviders.<clinit>(DnsServerAddressStreamProviders.java:46) ~[netty-resolver-dns-4.1.59.Final.jar:4.1.59.Final]
	at org.redisson.connection.MasterSlaveConnectionManager.<init>(MasterSlaveConnectionManager.java:193) ~[redisson-3.19.3.jar:3.19.3]
	at org.redisson.connection.MasterSlaveConnectionManager.<init>(MasterSlaveConnectionManager.java:137) ~[redisson-3.19.3.jar:3.19.3]
	at org.redisson.connection.SingleConnectionManager.<init>(SingleConnectionManager.java:30) ~[redisson-3.19.3.jar:3.19.3]
	at org.redisson.config.ConfigSupport.createConnectionManager(ConfigSupport.java:191) ~[redisson-3.19.3.jar:3.19.3]
	at org.redisson.Redisson.<init>(Redisson.java:68) ~[redisson-3.19.3.jar:3.19.3]
	at org.redisson.Redisson.create(Redisson.java:109) ~[redisson-3.19.3.jar:3.19.3]
	at org.server.config.RedissonConfiguration.redisson(RedissonConfiguration.java:37) ~[classes/:?]
	at org.server.config.RedissonConfiguration$$EnhancerBySpringCGLIB$$eb09533e.CGLIB$redisson$0(<generated>) ~[classes/:?]
	at org.server.config.RedissonConfiguration$$EnhancerBySpringCGLIB$$eb09533e$$FastClassBySpringCGLIB$$74114ddb.invoke(<generated>) ~[classes/:?]
	at org.springframework.cglib.proxy.MethodProxy.invokeSuper(MethodProxy.java:244) ~[spring-core-5.2.13.RELEASE.jar:5.2.13.RELEASE]
	at org.springframework.context.annotation.ConfigurationClassEnhancer$BeanMethodInterceptor.intercept(ConfigurationClassEnhancer.java:331) ~[spring-context-5.2.13.RELEASE.jar:5.2.13.RELEASE]
	at org.server.config.RedissonConfiguration$$EnhancerBySpringCGLIB$$eb09533e.redisson(<generated>) ~[classes/:?]
	at sun.reflect.NativeMethodAccessorImpl.invoke0(Native Method) ~[?:1.8.0_202]
	at sun.reflect.NativeMethodAccessorImpl.invoke(NativeMethodAccessorImpl.java:62) ~[?:1.8.0_202]
	at sun.reflect.DelegatingMethodAccessorImpl.invoke(DelegatingMethodAccessorImpl.java:43) ~[?:1.8.0_202]
	at java.lang.reflect.Method.invoke(Method.java:498) ~[?:1.8.0_202]
	at org.springframework.beans.factory.support.SimpleInstantiationStrategy.instantiate(SimpleInstantiationStrategy.java:154) ~[spring-beans-5.2.13.RELEASE.jar:5.2.13.RELEASE]
	at org.springframework.beans.factory.support.ConstructorResolver.instantiate(ConstructorResolver.java:652) ~[spring-beans-5.2.13.RELEASE.jar:5.2.13.RELEASE]
	at org.springframework.beans.factory.support.ConstructorResolver.instantiateUsingFactoryMethod(ConstructorResolver.java:485) ~[spring-beans-5.2.13.RELEASE.jar:5.2.13.RELEASE]
	at org.springframework.beans.factory.support.AbstractAutowireCapableBeanFactory.instantiateUsingFactoryMethod(AbstractAutowireCapableBeanFactory.java:1341) ~[spring-beans-5.2.13.RELEASE.jar:5.2.13.RELEASE]
	at org.springframework.beans.factory.support.AbstractAutowireCapableBeanFactory.createBeanInstance(AbstractAutowireCapableBeanFactory.java:1181) ~[spring-beans-5.2.13.RELEASE.jar:5.2.13.RELEASE]
	at org.springframework.beans.factory.support.AbstractAutowireCapableBeanFactory.doCreateBean(AbstractAutowireCapableBeanFactory.java:556) ~[spring-beans-5.2.13.RELEASE.jar:5.2.13.RELEASE]
	at org.springframework.beans.factory.support.AbstractAutowireCapableBeanFactory.createBean(AbstractAutowireCapableBeanFactory.java:516) ~[spring-beans-5.2.13.RELEASE.jar:5.2.13.RELEASE]
	at org.springframework.beans.factory.support.AbstractBeanFactory.lambda$doGetBean$0(AbstractBeanFactory.java:324) ~[spring-beans-5.2.13.RELEASE.jar:5.2.13.RELEASE]
	at org.springframework.beans.factory.support.DefaultSingletonBeanRegistry.getSingleton(DefaultSingletonBeanRegistry.java:234) ~[spring-beans-5.2.13.RELEASE.jar:5.2.13.RELEASE]
	at org.springframework.beans.factory.support.AbstractBeanFactory.doGetBean(AbstractBeanFactory.java:322) ~[spring-beans-5.2.13.RELEASE.jar:5.2.13.RELEASE]
	at org.springframework.beans.factory.support.AbstractBeanFactory.getBean(AbstractBeanFactory.java:202) ~[spring-beans-5.2.13.RELEASE.jar:5.2.13.RELEASE]
	at org.springframework.beans.factory.config.DependencyDescriptor.resolveCandidate(DependencyDescriptor.java:276) ~[spring-beans-5.2.13.RELEASE.jar:5.2.13.RELEASE]
	at org.springframework.beans.factory.support.DefaultListableBeanFactory.doResolveDependency(DefaultListableBeanFactory.java:1307) ~[spring-beans-5.2.13.RELEASE.jar:5.2.13.RELEASE]
	at org.springframework.beans.factory.support.DefaultListableBeanFactory.resolveDependency(DefaultListableBeanFactory.java:1227) ~[spring-beans-5.2.13.RELEASE.jar:5.2.13.RELEASE]
	at org.springframework.context.annotation.CommonAnnotationBeanPostProcessor.autowireResource(CommonAnnotationBeanPostProcessor.java:521) ~[spring-context-5.2.13.RELEASE.jar:5.2.13.RELEASE]
	at org.springframework.context.annotation.CommonAnnotationBeanPostProcessor.getResource(CommonAnnotationBeanPostProcessor.java:497) ~[spring-context-5.2.13.RELEASE.jar:5.2.13.RELEASE]
	at org.springframework.context.annotation.CommonAnnotationBeanPostProcessor$ResourceElement.getResourceToInject(CommonAnnotationBeanPostProcessor.java:650) ~[spring-context-5.2.13.RELEASE.jar:5.2.13.RELEASE]
	at org.springframework.beans.factory.annotation.InjectionMetadata$InjectedElement.inject(InjectionMetadata.java:228) ~[spring-beans-5.2.13.RELEASE.jar:5.2.13.RELEASE]
	at org.springframework.beans.factory.annotation.InjectionMetadata.inject(InjectionMetadata.java:119) ~[spring-beans-5.2.13.RELEASE.jar:5.2.13.RELEASE]
	at org.springframework.context.annotation.CommonAnnotationBeanPostProcessor.postProcessProperties(CommonAnnotationBeanPostProcessor.java:318) ~[spring-context-5.2.13.RELEASE.jar:5.2.13.RELEASE]
	at org.springframework.beans.factory.support.AbstractAutowireCapableBeanFactory.populateBean(AbstractAutowireCapableBeanFactory.java:1425) ~[spring-beans-5.2.13.RELEASE.jar:5.2.13.RELEASE]
	at org.springframework.beans.factory.support.AbstractAutowireCapableBeanFactory.doCreateBean(AbstractAutowireCapableBeanFactory.java:593) ~[spring-beans-5.2.13.RELEASE.jar:5.2.13.RELEASE]
	at org.springframework.beans.factory.support.AbstractAutowireCapableBeanFactory.createBean(AbstractAutowireCapableBeanFactory.java:516) ~[spring-beans-5.2.13.RELEASE.jar:5.2.13.RELEASE]
	at org.springframework.beans.factory.support.AbstractBeanFactory.lambda$doGetBean$0(AbstractBeanFactory.java:324) ~[spring-beans-5.2.13.RELEASE.jar:5.2.13.RELEASE]
	at org.springframework.beans.factory.support.DefaultSingletonBeanRegistry.getSingleton(DefaultSingletonBeanRegistry.java:234) [spring-beans-5.2.13.RELEASE.jar:5.2.13.RELEASE]
	at org.springframework.beans.factory.support.AbstractBeanFactory.doGetBean(AbstractBeanFactory.java:322) [spring-beans-5.2.13.RELEASE.jar:5.2.13.RELEASE]
	at org.springframework.beans.factory.support.AbstractBeanFactory.getBean(AbstractBeanFactory.java:202) [spring-beans-5.2.13.RELEASE.jar:5.2.13.RELEASE]
	at org.springframework.beans.factory.support.DefaultListableBeanFactory.preInstantiateSingletons(DefaultListableBeanFactory.java:897) [spring-beans-5.2.13.RELEASE.jar:5.2.13.RELEASE]
	at org.springframework.context.support.AbstractApplicationContext.finishBeanFactoryInitialization(AbstractApplicationContext.java:879) [spring-context-5.2.13.RELEASE.jar:5.2.13.RELEASE]
	at org.springframework.context.support.AbstractApplicationContext.refresh(AbstractApplicationContext.java:551) [spring-context-5.2.13.RELEASE.jar:5.2.13.RELEASE]
	at org.springframework.boot.SpringApplication.refresh(SpringApplication.java:758) [spring-boot-2.3.9.RELEASE.jar:2.3.9.RELEASE]
	at org.springframework.boot.SpringApplication.refresh(SpringApplication.java:750) [spring-boot-2.3.9.RELEASE.jar:2.3.9.RELEASE]
	at org.springframework.boot.SpringApplication.refreshContext(SpringApplication.java:405) [spring-boot-2.3.9.RELEASE.jar:2.3.9.RELEASE]
	at org.springframework.boot.SpringApplication.run(SpringApplication.java:315) [spring-boot-2.3.9.RELEASE.jar:2.3.9.RELEASE]
	at org.springframework.boot.test.context.SpringBootContextLoader.loadContext(SpringBootContextLoader.java:120) [spring-boot-test-2.3.9.RELEASE.jar:2.3.9.RELEASE]
	at org.springframework.test.context.cache.DefaultCacheAwareContextLoaderDelegate.loadContextInternal(DefaultCacheAwareContextLoaderDelegate.java:99) [spring-test-5.2.13.RELEASE.jar:5.2.13.RELEASE]
	at org.springframework.test.context.cache.DefaultCacheAwareContextLoaderDelegate.loadContext(DefaultCacheAwareContextLoaderDelegate.java:124) [spring-test-5.2.13.RELEASE.jar:5.2.13.RELEASE]
	at org.springframework.test.context.support.DefaultTestContext.getApplicationContext(DefaultTestContext.java:123) [spring-test-5.2.13.RELEASE.jar:5.2.13.RELEASE]
	at org.springframework.test.context.web.ServletTestExecutionListener.setUpRequestContextIfNecessary(ServletTestExecutionListener.java:190) [spring-test-5.2.13.RELEASE.jar:5.2.13.RELEASE]
	at org.springframework.test.context.web.ServletTestExecutionListener.prepareTestInstance(ServletTestExecutionListener.java:132) [spring-test-5.2.13.RELEASE.jar:5.2.13.RELEASE]
	at org.springframework.test.context.TestContextManager.prepareTestInstance(TestContextManager.java:244) [spring-test-5.2.13.RELEASE.jar:5.2.13.RELEASE]
	at org.springframework.test.context.junit4.SpringJUnit4ClassRunner.createTest(SpringJUnit4ClassRunner.java:227) [spring-test-5.2.13.RELEASE.jar:5.2.13.RELEASE]
	at org.springframework.test.context.junit4.SpringJUnit4ClassRunner$1.runReflectiveCall(SpringJUnit4ClassRunner.java:289) [spring-test-5.2.13.RELEASE.jar:5.2.13.RELEASE]
	at org.junit.internal.runners.model.ReflectiveCallable.run(ReflectiveCallable.java:12) [junit-4.13.2.jar:4.13.2]
	at org.springframework.test.context.junit4.SpringJUnit4ClassRunner.methodBlock(SpringJUnit4ClassRunner.java:291) [spring-test-5.2.13.RELEASE.jar:5.2.13.RELEASE]
	at org.springframework.test.context.junit4.SpringJUnit4ClassRunner.runChild(SpringJUnit4ClassRunner.java:246) [spring-test-5.2.13.RELEASE.jar:5.2.13.RELEASE]
	at org.springframework.test.context.junit4.SpringJUnit4ClassRunner.runChild(SpringJUnit4ClassRunner.java:97) [spring-test-5.2.13.RELEASE.jar:5.2.13.RELEASE]
	at org.junit.runners.ParentRunner$4.run(ParentRunner.java:331) [junit-4.13.2.jar:4.13.2]
	at org.junit.runners.ParentRunner$1.schedule(ParentRunner.java:79) [junit-4.13.2.jar:4.13.2]
	at org.junit.runners.ParentRunner.runChildren(ParentRunner.java:329) [junit-4.13.2.jar:4.13.2]
	at org.junit.runners.ParentRunner.access$100(ParentRunner.java:66) [junit-4.13.2.jar:4.13.2]
	at org.junit.runners.ParentRunner$2.evaluate(ParentRunner.java:293) [junit-4.13.2.jar:4.13.2]
	at org.springframework.test.context.junit4.statements.RunBeforeTestClassCallbacks.evaluate(RunBeforeTestClassCallbacks.java:61) [spring-test-5.2.13.RELEASE.jar:5.2.13.RELEASE]
	at org.springframework.test.context.junit4.statements.RunAfterTestClassCallbacks.evaluate(RunAfterTestClassCallbacks.java:70) [spring-test-5.2.13.RELEASE.jar:5.2.13.RELEASE]
	at org.junit.runners.ParentRunner$3.evaluate(ParentRunner.java:306) [junit-4.13.2.jar:4.13.2]
	at org.junit.runners.ParentRunner.run(ParentRunner.java:413) [junit-4.13.2.jar:4.13.2]
	at org.springframework.test.context.junit4.SpringJUnit4ClassRunner.run(SpringJUnit4ClassRunner.java:190) [spring-test-5.2.13.RELEASE.jar:5.2.13.RELEASE]
	at org.junit.runner.JUnitCore.run(JUnitCore.java:137) [junit-4.13.2.jar:4.13.2]
	at com.intellij.junit4.JUnit4IdeaTestRunner.startRunnerWithArgs(JUnit4IdeaTestRunner.java:69) [junit-rt.jar:?]
	at com.intellij.rt.junit.IdeaTestRunner$Repeater$1.execute(IdeaTestRunner.java:38) [junit-rt.jar:?]
	at com.intellij.rt.execution.junit.TestsRepeater.repeat(TestsRepeater.java:11) [idea_rt.jar:?]
	at com.intellij.rt.junit.IdeaTestRunner$Repeater.startRunnerWithArgs(IdeaTestRunner.java:35) [junit-rt.jar:?]
	at com.intellij.rt.junit.JUnitStarter.prepareStreamsAndStart(JUnitStarter.java:235) [junit-rt.jar:?]
	at com.intellij.rt.junit.JUnitStarter.main(JUnitStarter.java:54) [junit-rt.jar:?]
18:54:21.653 [main] WARN  io.netty.resolver.dns.DnsServerAddressStreamProviders - Unable to load io.netty.resolver.dns.macos.MacOSDnsServerAddressStreamProvider, fallback to system defaults. This may result in incorrect DNS resolutions on MacOS.
java.lang.ClassNotFoundException: io.netty.resolver.dns.macos.MacOSDnsServerAddressStreamProvider
	at java.net.URLClassLoader.findClass(URLClassLoader.java:382) ~[?:1.8.0_202]
	at java.lang.ClassLoader.loadClass(ClassLoader.java:424) ~[?:1.8.0_202]
	at sun.misc.Launcher$AppClassLoader.loadClass(Launcher.java:349) ~[?:1.8.0_202]
	at java.lang.ClassLoader.loadClass(ClassLoader.java:357) ~[?:1.8.0_202]
	at java.lang.Class.forName0(Native Method) ~[?:1.8.0_202]
	at java.lang.Class.forName(Class.java:348) ~[?:1.8.0_202]
	at io.netty.resolver.dns.DnsServerAddressStreamProviders$1.run(DnsServerAddressStreamProviders.java:50) ~[netty-resolver-dns-4.1.59.Final.jar:4.1.59.Final]
	at java.security.AccessController.doPrivileged(Native Method) ~[?:1.8.0_202]
	at io.netty.resolver.dns.DnsServerAddressStreamProviders.<clinit>(DnsServerAddressStreamProviders.java:46) ~[netty-resolver-dns-4.1.59.Final.jar:4.1.59.Final]
	at org.redisson.connection.MasterSlaveConnectionManager.<init>(MasterSlaveConnectionManager.java:193) ~[redisson-3.19.3.jar:3.19.3]
	at org.redisson.connection.MasterSlaveConnectionManager.<init>(MasterSlaveConnectionManager.java:137) ~[redisson-3.19.3.jar:3.19.3]
	at org.redisson.connection.SingleConnectionManager.<init>(SingleConnectionManager.java:30) ~[redisson-3.19.3.jar:3.19.3]
	at org.redisson.config.ConfigSupport.createConnectionManager(ConfigSupport.java:191) ~[redisson-3.19.3.jar:3.19.3]
	at org.redisson.Redisson.<init>(Redisson.java:68) ~[redisson-3.19.3.jar:3.19.3]
	at org.redisson.Redisson.create(Redisson.java:109) ~[redisson-3.19.3.jar:3.19.3]
	at org.server.config.RedissonConfiguration.redisson(RedissonConfiguration.java:37) ~[classes/:?]
	at org.server.config.RedissonConfiguration$$EnhancerBySpringCGLIB$$44a935db.CGLIB$redisson$0(<generated>) ~[classes/:?]
	at org.server.config.RedissonConfiguration$$EnhancerBySpringCGLIB$$44a935db$$FastClassBySpringCGLIB$$6435ac9d.invoke(<generated>) ~[classes/:?]
	at org.springframework.cglib.proxy.MethodProxy.invokeSuper(MethodProxy.java:244) ~[spring-core-5.2.13.RELEASE.jar:5.2.13.RELEASE]
	at org.springframework.context.annotation.ConfigurationClassEnhancer$BeanMethodInterceptor.intercept(ConfigurationClassEnhancer.java:331) ~[spring-context-5.2.13.RELEASE.jar:5.2.13.RELEASE]
	at org.server.config.RedissonConfiguration$$EnhancerBySpringCGLIB$$44a935db.redisson(<generated>) ~[classes/:?]
	at sun.reflect.NativeMethodAccessorImpl.invoke0(Native Method) ~[?:1.8.0_202]
	at sun.reflect.NativeMethodAccessorImpl.invoke(NativeMethodAccessorImpl.java:62) ~[?:1.8.0_202]
	at sun.reflect.DelegatingMethodAccessorImpl.invoke(DelegatingMethodAccessorImpl.java:43) ~[?:1.8.0_202]
	at java.lang.reflect.Method.invoke(Method.java:498) ~[?:1.8.0_202]
	at org.springframework.beans.factory.support.SimpleInstantiationStrategy.instantiate(SimpleInstantiationStrategy.java:154) ~[spring-beans-5.2.13.RELEASE.jar:5.2.13.RELEASE]
	at org.springframework.beans.factory.support.ConstructorResolver.instantiate(ConstructorResolver.java:652) ~[spring-beans-5.2.13.RELEASE.jar:5.2.13.RELEASE]
	at org.springframework.beans.factory.support.ConstructorResolver.instantiateUsingFactoryMethod(ConstructorResolver.java:485) ~[spring-beans-5.2.13.RELEASE.jar:5.2.13.RELEASE]
	at org.springframework.beans.factory.support.AbstractAutowireCapableBeanFactory.instantiateUsingFactoryMethod(AbstractAutowireCapableBeanFactory.java:1341) ~[spring-beans-5.2.13.RELEASE.jar:5.2.13.RELEASE]
	at org.springframework.beans.factory.support.AbstractAutowireCapableBeanFactory.createBeanInstance(AbstractAutowireCapableBeanFactory.java:1181) ~[spring-beans-5.2.13.RELEASE.jar:5.2.13.RELEASE]
	at org.springframework.beans.factory.support.AbstractAutowireCapableBeanFactory.doCreateBean(AbstractAutowireCapableBeanFactory.java:556) ~[spring-beans-5.2.13.RELEASE.jar:5.2.13.RELEASE]
	at org.springframework.beans.factory.support.AbstractAutowireCapableBeanFactory.createBean(AbstractAutowireCapableBeanFactory.java:516) ~[spring-beans-5.2.13.RELEASE.jar:5.2.13.RELEASE]
	at org.springframework.beans.factory.support.AbstractBeanFactory.lambda$doGetBean$0(AbstractBeanFactory.java:324) ~[spring-beans-5.2.13.RELEASE.jar:5.2.13.RELEASE]
	at org.springframework.beans.factory.support.DefaultSingletonBeanRegistry.getSingleton(DefaultSingletonBeanRegistry.java:234) ~[spring-beans-5.2.13.RELEASE.jar:5.2.13.RELEASE]
	at org.springframework.beans.factory.support.AbstractBeanFactory.doGetBean(AbstractBeanFactory.java:322) ~[spring-beans-5.2.13.RELEASE.jar:5.2.13.RELEASE]
	at org.springframework.beans.factory.support.AbstractBeanFactory.getBean(AbstractBeanFactory.java:202) ~[spring-beans-5.2.13.RELEASE.jar:5.2.13.RELEASE]
	at org.springframework.beans.factory.config.DependencyDescriptor.resolveCandidate(DependencyDescriptor.java:276) ~[spring-beans-5.2.13.RELEASE.jar:5.2.13.RELEASE]
	at org.springframework.beans.factory.support.DefaultListableBeanFactory.doResolveDependency(DefaultListableBeanFactory.java:1307) ~[spring-beans-5.2.13.RELEASE.jar:5.2.13.RELEASE]
	at org.springframework.beans.factory.support.DefaultListableBeanFactory.resolveDependency(DefaultListableBeanFactory.java:1227) ~[spring-beans-5.2.13.RELEASE.jar:5.2.13.RELEASE]
	at org.springframework.context.annotation.CommonAnnotationBeanPostProcessor.autowireResource(CommonAnnotationBeanPostProcessor.java:521) ~[spring-context-5.2.13.RELEASE.jar:5.2.13.RELEASE]
	at org.springframework.context.annotation.CommonAnnotationBeanPostProcessor.getResource(CommonAnnotationBeanPostProcessor.java:497) ~[spring-context-5.2.13.RELEASE.jar:5.2.13.RELEASE]
	at org.springframework.context.annotation.CommonAnnotationBeanPostProcessor$ResourceElement.getResourceToInject(CommonAnnotationBeanPostProcessor.java:650) ~[spring-context-5.2.13.RELEASE.jar:5.2.13.RELEASE]
	at org.springframework.beans.factory.annotation.InjectionMetadata$InjectedElement.inject(InjectionMetadata.java:228) ~[spring-beans-5.2.13.RELEASE.jar:5.2.13.RELEASE]
	at org.springframework.beans.factory.annotation.InjectionMetadata.inject(InjectionMetadata.java:119) ~[spring-beans-5.2.13.RELEASE.jar:5.2.13.RELEASE]
	at org.springframework.context.annotation.CommonAnnotationBeanPostProcessor.postProcessProperties(CommonAnnotationBeanPostProcessor.java:318) ~[spring-context-5.2.13.RELEASE.jar:5.2.13.RELEASE]
	at org.springframework.beans.factory.support.AbstractAutowireCapableBeanFactory.populateBean(AbstractAutowireCapableBeanFactory.java:1425) ~[spring-beans-5.2.13.RELEASE.jar:5.2.13.RELEASE]
	at org.springframework.beans.factory.support.AbstractAutowireCapableBeanFactory.doCreateBean(AbstractAutowireCapableBeanFactory.java:593) ~[spring-beans-5.2.13.RELEASE.jar:5.2.13.RELEASE]
	at org.springframework.beans.factory.support.AbstractAutowireCapableBeanFactory.createBean(AbstractAutowireCapableBeanFactory.java:516) ~[spring-beans-5.2.13.RELEASE.jar:5.2.13.RELEASE]
	at org.springframework.beans.factory.support.AbstractBeanFactory.lambda$doGetBean$0(AbstractBeanFactory.java:324) ~[spring-beans-5.2.13.RELEASE.jar:5.2.13.RELEASE]
	at org.springframework.beans.factory.support.DefaultSingletonBeanRegistry.getSingleton(DefaultSingletonBeanRegistry.java:234) [spring-beans-5.2.13.RELEASE.jar:5.2.13.RELEASE]
	at org.springframework.beans.factory.support.AbstractBeanFactory.doGetBean(AbstractBeanFactory.java:322) [spring-beans-5.2.13.RELEASE.jar:5.2.13.RELEASE]
	at org.springframework.beans.factory.support.AbstractBeanFactory.getBean(AbstractBeanFactory.java:202) [spring-beans-5.2.13.RELEASE.jar:5.2.13.RELEASE]
	at org.springframework.beans.factory.support.DefaultListableBeanFactory.preInstantiateSingletons(DefaultListableBeanFactory.java:897) [spring-beans-5.2.13.RELEASE.jar:5.2.13.RELEASE]
	at org.springframework.context.support.AbstractApplicationContext.finishBeanFactoryInitialization(AbstractApplicationContext.java:879) [spring-context-5.2.13.RELEASE.jar:5.2.13.RELEASE]
	at org.springframework.context.support.AbstractApplicationContext.refresh(AbstractApplicationContext.java:551) [spring-context-5.2.13.RELEASE.jar:5.2.13.RELEASE]
	at org.springframework.boot.SpringApplication.refresh(SpringApplication.java:758) [spring-boot-2.3.9.RELEASE.jar:2.3.9.RELEASE]
	at org.springframework.boot.SpringApplication.refresh(SpringApplication.java:750) [spring-boot-2.3.9.RELEASE.jar:2.3.9.RELEASE]
	at org.springframework.boot.SpringApplication.refreshContext(SpringApplication.java:405) [spring-boot-2.3.9.RELEASE.jar:2.3.9.RELEASE]
	at org.springframework.boot.SpringApplication.run(SpringApplication.java:315) [spring-boot-2.3.9.RELEASE.jar:2.3.9.RELEASE]
	at org.springframework.boot.test.context.SpringBootContextLoader.loadContext(SpringBootContextLoader.java:120) [spring-boot-test-2.3.9.RELEASE.jar:2.3.9.RELEASE]
	at org.springframework.test.context.cache.DefaultCacheAwareContextLoaderDelegate.loadContextInternal(DefaultCacheAwareContextLoaderDelegate.java:99) [spring-test-5.2.13.RELEASE.jar:5.2.13.RELEASE]
	at org.springframework.test.context.cache.DefaultCacheAwareContextLoaderDelegate.loadContext(DefaultCacheAwareContextLoaderDelegate.java:124) [spring-test-5.2.13.RELEASE.jar:5.2.13.RELEASE]
	at org.springframework.test.context.support.DefaultTestContext.getApplicationContext(DefaultTestContext.java:123) [spring-test-5.2.13.RELEASE.jar:5.2.13.RELEASE]
	at org.springframework.test.context.web.ServletTestExecutionListener.setUpRequestContextIfNecessary(ServletTestExecutionListener.java:190) [spring-test-5.2.13.RELEASE.jar:5.2.13.RELEASE]
	at org.springframework.test.context.web.ServletTestExecutionListener.prepareTestInstance(ServletTestExecutionListener.java:132) [spring-test-5.2.13.RELEASE.jar:5.2.13.RELEASE]
	at org.springframework.test.context.TestContextManager.prepareTestInstance(TestContextManager.java:244) [spring-test-5.2.13.RELEASE.jar:5.2.13.RELEASE]
	at org.springframework.test.context.junit4.SpringJUnit4ClassRunner.createTest(SpringJUnit4ClassRunner.java:227) [spring-test-5.2.13.RELEASE.jar:5.2.13.RELEASE]
	at org.springframework.test.context.junit4.SpringJUnit4ClassRunner$1.runReflectiveCall(SpringJUnit4ClassRunner.java:289) [spring-test-5.2.13.RELEASE.jar:5.2.13.RELEASE]
	at org.junit.internal.runners.model.ReflectiveCallable.run(ReflectiveCallable.java:12) [junit-4.13.2.jar:4.13.2]
	at org.springframework.test.context.junit4.SpringJUnit4ClassRunner.methodBlock(SpringJUnit4ClassRunner.java:291) [spring-test-5.2.13.RELEASE.jar:5.2.13.RELEASE]
	at org.springframework.test.context.junit4.SpringJUnit4ClassRunner.runChild(SpringJUnit4ClassRunner.java:246) [spring-test-5.2.13.RELEASE.jar:5.2.13.RELEASE]
	at org.springframework.test.context.junit4.SpringJUnit4ClassRunner.runChild(SpringJUnit4ClassRunner.java:97) [spring-test-5.2.13.RELEASE.jar:5.2.13.RELEASE]
	at org.junit.runners.ParentRunner$4.run(ParentRunner.java:331) [junit-4.13.2.jar:4.13.2]
	at org.junit.runners.ParentRunner$1.schedule(ParentRunner.java:79) [junit-4.13.2.jar:4.13.2]
	at org.junit.runners.ParentRunner.runChildren(ParentRunner.java:329) [junit-4.13.2.jar:4.13.2]
	at org.junit.runners.ParentRunner.access$100(ParentRunner.java:66) [junit-4.13.2.jar:4.13.2]
	at org.junit.runners.ParentRunner$2.evaluate(ParentRunner.java:293) [junit-4.13.2.jar:4.13.2]
	at org.springframework.test.context.junit4.statements.RunBeforeTestClassCallbacks.evaluate(RunBeforeTestClassCallbacks.java:61) [spring-test-5.2.13.RELEASE.jar:5.2.13.RELEASE]
	at org.springframework.test.context.junit4.statements.RunAfterTestClassCallbacks.evaluate(RunAfterTestClassCallbacks.java:70) [spring-test-5.2.13.RELEASE.jar:5.2.13.RELEASE]
	at org.junit.runners.ParentRunner$3.evaluate(ParentRunner.java:306) [junit-4.13.2.jar:4.13.2]
	at org.junit.runners.ParentRunner.run(ParentRunner.java:413) [junit-4.13.2.jar:4.13.2]
	at org.springframework.test.context.junit4.SpringJUnit4ClassRunner.run(SpringJUnit4ClassRunner.java:190) [spring-test-5.2.13.RELEASE.jar:5.2.13.RELEASE]
	at org.junit.runners.Suite.runChild(Suite.java:128) [junit-4.13.2.jar:4.13.2]
	at org.junit.runners.Suite.runChild(Suite.java:27) [junit-4.13.2.jar:4.13.2]
	at org.junit.runners.ParentRunner$4.run(ParentRunner.java:331) [junit-4.13.2.jar:4.13.2]
	at org.junit.runners.ParentRunner$1.schedule(ParentRunner.java:79) [junit-4.13.2.jar:4.13.2]
	at org.junit.runners.ParentRunner.runChildren(ParentRunner.java:329) [junit-4.13.2.jar:4.13.2]
	at org.junit.runners.ParentRunner.access$100(ParentRunner.java:66) [junit-4.13.2.jar:4.13.2]
	at org.junit.runners.ParentRunner$2.evaluate(ParentRunner.java:293) [junit-4.13.2.jar:4.13.2]
	at org.junit.runners.ParentRunner$3.evaluate(ParentRunner.java:306) [junit-4.13.2.jar:4.13.2]
	at org.junit.runners.ParentRunner.run(ParentRunner.java:413) [junit-4.13.2.jar:4.13.2]
	at org.junit.runner.JUnitCore.run(JUnitCore.java:137) [junit-4.13.2.jar:4.13.2]
	at com.intellij.junit4.JUnit4IdeaTestRunner.startRunnerWithArgs(JUnit4IdeaTestRunner.java:69) [junit-rt.jar:?]
	at com.intellij.rt.junit.IdeaTestRunner$Repeater$1.execute(IdeaTestRunner.java:38) [junit-rt.jar:?]
	at com.intellij.rt.execution.junit.TestsRepeater.repeat(TestsRepeater.java:11) [idea_rt.jar:?]
	at com.intellij.rt.junit.IdeaTestRunner$Repeater.startRunnerWithArgs(IdeaTestRunner.java:35) [junit-rt.jar:?]
	at com.intellij.rt.junit.JUnitStarter.prepareStreamsAndStart(JUnitStarter.java:235) [junit-rt.jar:?]
	at com.intellij.rt.junit.JUnitStarter.main(JUnitStarter.java:54) [junit-rt.jar:?]
18:54:36.602 [main] ERROR org.server.websocket.NettyInitListen - Netty 錯誤: Address already in use
18:54:36.926 [main] ERROR org.server.client.controller.OkHttpController - message
18:54:36.926 [main] WARN  org.server.client.controller.OkHttpController - message
18:54:36.985 [main] ERROR org.server.client.uitl.OkHttpUtil - 
java.net.ConnectException: Failed to connect to localhost/0:0:0:0:0:0:0:1:8081
	at okhttp3.internal.connection.RealConnection.connectSocket(RealConnection.java:225) ~[okhttp-3.8.1.jar:?]
	at okhttp3.internal.connection.RealConnection.connect(RealConnection.java:149) ~[okhttp-3.8.1.jar:?]
	at okhttp3.internal.connection.StreamAllocation.findConnection(StreamAllocation.java:195) ~[okhttp-3.8.1.jar:?]
	at okhttp3.internal.connection.StreamAllocation.findHealthyConnection(StreamAllocation.java:121) ~[okhttp-3.8.1.jar:?]
	at okhttp3.internal.connection.StreamAllocation.newStream(StreamAllocation.java:100) ~[okhttp-3.8.1.jar:?]
	at okhttp3.internal.connection.ConnectInterceptor.intercept(ConnectInterceptor.java:42) ~[okhttp-3.8.1.jar:?]
	at okhttp3.internal.http.RealInterceptorChain.proceed(RealInterceptorChain.java:92) ~[okhttp-3.8.1.jar:?]
	at okhttp3.internal.http.RealInterceptorChain.proceed(RealInterceptorChain.java:67) ~[okhttp-3.8.1.jar:?]
	at okhttp3.internal.cache.CacheInterceptor.intercept(CacheInterceptor.java:93) ~[okhttp-3.8.1.jar:?]
	at okhttp3.internal.http.RealInterceptorChain.proceed(RealInterceptorChain.java:92) ~[okhttp-3.8.1.jar:?]
	at okhttp3.internal.http.RealInterceptorChain.proceed(RealInterceptorChain.java:67) ~[okhttp-3.8.1.jar:?]
	at okhttp3.internal.http.BridgeInterceptor.intercept(BridgeInterceptor.java:93) ~[okhttp-3.8.1.jar:?]
	at okhttp3.internal.http.RealInterceptorChain.proceed(RealInterceptorChain.java:92) ~[okhttp-3.8.1.jar:?]
	at okhttp3.internal.http.RetryAndFollowUpInterceptor.intercept(RetryAndFollowUpInterceptor.java:120) ~[okhttp-3.8.1.jar:?]
	at okhttp3.internal.http.RealInterceptorChain.proceed(RealInterceptorChain.java:92) ~[okhttp-3.8.1.jar:?]
	at okhttp3.internal.http.RealInterceptorChain.proceed(RealInterceptorChain.java:67) ~[okhttp-3.8.1.jar:?]
	at okhttp3.RealCall.getResponseWithInterceptorChain(RealCall.java:185) ~[okhttp-3.8.1.jar:?]
	at okhttp3.RealCall.execute(RealCall.java:69) ~[okhttp-3.8.1.jar:?]
	at org.server.client.uitl.OkHttpUtil.post(OkHttpUtil.java:95) [classes/:?]
	at org.server.client.controller.OkHttpController.sendForm(OkHttpController.java:45) [classes/:?]
	at OkHttpControllerTest.testSendForm(OkHttpControllerTest.java:30) [test-classes/:?]
	at sun.reflect.NativeMethodAccessorImpl.invoke0(Native Method) ~[?:1.8.0_202]
	at sun.reflect.NativeMethodAccessorImpl.invoke(NativeMethodAccessorImpl.java:62) ~[?:1.8.0_202]
	at sun.reflect.DelegatingMethodAccessorImpl.invoke(DelegatingMethodAccessorImpl.java:43) ~[?:1.8.0_202]
	at java.lang.reflect.Method.invoke(Method.java:498) ~[?:1.8.0_202]
	at org.junit.runners.model.FrameworkMethod$1.runReflectiveCall(FrameworkMethod.java:59) [junit-4.13.2.jar:4.13.2]
	at org.junit.internal.runners.model.ReflectiveCallable.run(ReflectiveCallable.java:12) [junit-4.13.2.jar:4.13.2]
	at org.junit.runners.model.FrameworkMethod.invokeExplosively(FrameworkMethod.java:56) [junit-4.13.2.jar:4.13.2]
	at org.junit.internal.runners.statements.InvokeMethod.evaluate(InvokeMethod.java:17) [junit-4.13.2.jar:4.13.2]
	at org.springframework.test.context.junit4.statements.RunBeforeTestExecutionCallbacks.evaluate(RunBeforeTestExecutionCallbacks.java:74) [spring-test-5.2.13.RELEASE.jar:5.2.13.RELEASE]
	at org.springframework.test.context.junit4.statements.RunAfterTestExecutionCallbacks.evaluate(RunAfterTestExecutionCallbacks.java:84) [spring-test-5.2.13.RELEASE.jar:5.2.13.RELEASE]
	at org.springframework.test.context.junit4.statements.RunBeforeTestMethodCallbacks.evaluate(RunBeforeTestMethodCallbacks.java:75) [spring-test-5.2.13.RELEASE.jar:5.2.13.RELEASE]
	at org.springframework.test.context.junit4.statements.RunAfterTestMethodCallbacks.evaluate(RunAfterTestMethodCallbacks.java:86) [spring-test-5.2.13.RELEASE.jar:5.2.13.RELEASE]
	at org.springframework.test.context.junit4.statements.SpringRepeat.evaluate(SpringRepeat.java:84) [spring-test-5.2.13.RELEASE.jar:5.2.13.RELEASE]
	at org.junit.runners.ParentRunner.runLeaf(ParentRunner.java:366) [junit-4.13.2.jar:4.13.2]
	at org.springframework.test.context.junit4.SpringJUnit4ClassRunner.runChild(SpringJUnit4ClassRunner.java:251) [spring-test-5.2.13.RELEASE.jar:5.2.13.RELEASE]
	at org.springframework.test.context.junit4.SpringJUnit4ClassRunner.runChild(SpringJUnit4ClassRunner.java:97) [spring-test-5.2.13.RELEASE.jar:5.2.13.RELEASE]
	at org.junit.runners.ParentRunner$4.run(ParentRunner.java:331) [junit-4.13.2.jar:4.13.2]
	at org.junit.runners.ParentRunner$1.schedule(ParentRunner.java:79) [junit-4.13.2.jar:4.13.2]
	at org.junit.runners.ParentRunner.runChildren(ParentRunner.java:329) [junit-4.13.2.jar:4.13.2]
	at org.junit.runners.ParentRunner.access$100(ParentRunner.java:66) [junit-4.13.2.jar:4.13.2]
	at org.junit.runners.ParentRunner$2.evaluate(ParentRunner.java:293) [junit-4.13.2.jar:4.13.2]
	at org.springframework.test.context.junit4.statements.RunBeforeTestClassCallbacks.evaluate(RunBeforeTestClassCallbacks.java:61) [spring-test-5.2.13.RELEASE.jar:5.2.13.RELEASE]
	at org.springframework.test.context.junit4.statements.RunAfterTestClassCallbacks.evaluate(RunAfterTestClassCallbacks.java:70) [spring-test-5.2.13.RELEASE.jar:5.2.13.RELEASE]
	at org.junit.runners.ParentRunner$3.evaluate(ParentRunner.java:306) [junit-4.13.2.jar:4.13.2]
	at org.junit.runners.ParentRunner.run(ParentRunner.java:413) [junit-4.13.2.jar:4.13.2]
	at org.springframework.test.context.junit4.SpringJUnit4ClassRunner.run(SpringJUnit4ClassRunner.java:190) [spring-test-5.2.13.RELEASE.jar:5.2.13.RELEASE]
	at org.junit.runners.Suite.runChild(Suite.java:128) [junit-4.13.2.jar:4.13.2]
	at org.junit.runners.Suite.runChild(Suite.java:27) [junit-4.13.2.jar:4.13.2]
	at org.junit.runners.ParentRunner$4.run(ParentRunner.java:331) [junit-4.13.2.jar:4.13.2]
	at org.junit.runners.ParentRunner$1.schedule(ParentRunner.java:79) [junit-4.13.2.jar:4.13.2]
	at org.junit.runners.ParentRunner.runChildren(ParentRunner.java:329) [junit-4.13.2.jar:4.13.2]
	at org.junit.runners.ParentRunner.access$100(ParentRunner.java:66) [junit-4.13.2.jar:4.13.2]
	at org.junit.runners.ParentRunner$2.evaluate(ParentRunner.java:293) [junit-4.13.2.jar:4.13.2]
	at org.junit.runners.ParentRunner$3.evaluate(ParentRunner.java:306) [junit-4.13.2.jar:4.13.2]
	at org.junit.runners.ParentRunner.run(ParentRunner.java:413) [junit-4.13.2.jar:4.13.2]
	at org.junit.runner.JUnitCore.run(JUnitCore.java:137) [junit-4.13.2.jar:4.13.2]
	at com.intellij.junit4.JUnit4IdeaTestRunner.startRunnerWithArgs(JUnit4IdeaTestRunner.java:69) [junit-rt.jar:?]
	at com.intellij.rt.junit.IdeaTestRunner$Repeater$1.execute(IdeaTestRunner.java:38) [junit-rt.jar:?]
	at com.intellij.rt.execution.junit.TestsRepeater.repeat(TestsRepeater.java:11) [idea_rt.jar:?]
	at com.intellij.rt.junit.IdeaTestRunner$Repeater.startRunnerWithArgs(IdeaTestRunner.java:35) [junit-rt.jar:?]
	at com.intellij.rt.junit.JUnitStarter.prepareStreamsAndStart(JUnitStarter.java:235) [junit-rt.jar:?]
	at com.intellij.rt.junit.JUnitStarter.main(JUnitStarter.java:54) [junit-rt.jar:?]
Caused by: java.net.ConnectException: Connection refused (Connection refused)
	at java.net.PlainSocketImpl.socketConnect(Native Method) ~[?:1.8.0_202]
	at java.net.AbstractPlainSocketImpl.doConnect(AbstractPlainSocketImpl.java:350) ~[?:1.8.0_202]
	at java.net.AbstractPlainSocketImpl.connectToAddress(AbstractPlainSocketImpl.java:206) ~[?:1.8.0_202]
	at java.net.AbstractPlainSocketImpl.connect(AbstractPlainSocketImpl.java:188) ~[?:1.8.0_202]
	at java.net.SocksSocketImpl.connect(SocksSocketImpl.java:392) ~[?:1.8.0_202]
	at java.net.Socket.connect(Socket.java:589) ~[?:1.8.0_202]
	at okhttp3.internal.platform.Platform.connectSocket(Platform.java:124) ~[okhttp-3.8.1.jar:?]
	at okhttp3.internal.connection.RealConnection.connectSocket(RealConnection.java:223) ~[okhttp-3.8.1.jar:?]
	... 62 more
18:54:37.022 [Thread-4] WARN  com.alibaba.nacos.common.http.HttpClientBeanHolder - [HttpClientBeanHolder] Start destroying common HttpClient
18:54:37.022 [Thread-10] WARN  com.alibaba.nacos.common.notify.NotifyCenter - [NotifyCenter] Start destroying Publisher
18:54:37.024 [Thread-10] WARN  com.alibaba.nacos.common.notify.NotifyCenter - [NotifyCenter] Destruction of the end
18:54:37.025 [Thread-4] WARN  com.alibaba.nacos.common.http.HttpClientBeanHolder - [HttpClientBeanHolder] Destruction of the end
18:55:07.628 [Thread-4] WARN  com.alibaba.nacos.common.http.HttpClientBeanHolder - [HttpClientBeanHolder] Start destroying common HttpClient
18:55:07.628 [Thread-10] WARN  com.alibaba.nacos.common.notify.NotifyCenter - [NotifyCenter] Start destroying Publisher
18:55:07.636 [Thread-10] WARN  com.alibaba.nacos.common.notify.NotifyCenter - [NotifyCenter] Destruction of the end
18:55:07.644 [Thread-4] WARN  com.alibaba.nacos.common.http.HttpClientBeanHolder - [HttpClientBeanHolder] Destruction of the end
18:55:27.331 [main] WARN  io.netty.resolver.dns.DnsServerAddressStreamProviders - Unable to load io.netty.resolver.dns.macos.MacOSDnsServerAddressStreamProvider, fallback to system defaults. This may result in incorrect DNS resolutions on MacOS.
java.lang.ClassNotFoundException: io.netty.resolver.dns.macos.MacOSDnsServerAddressStreamProvider
	at java.net.URLClassLoader.findClass(URLClassLoader.java:382) ~[?:1.8.0_202]
	at java.lang.ClassLoader.loadClass(ClassLoader.java:424) ~[?:1.8.0_202]
	at sun.misc.Launcher$AppClassLoader.loadClass(Launcher.java:349) ~[?:1.8.0_202]
	at java.lang.ClassLoader.loadClass(ClassLoader.java:357) ~[?:1.8.0_202]
	at java.lang.Class.forName0(Native Method) ~[?:1.8.0_202]
	at java.lang.Class.forName(Class.java:348) ~[?:1.8.0_202]
	at io.netty.resolver.dns.DnsServerAddressStreamProviders$1.run(DnsServerAddressStreamProviders.java:50) ~[netty-resolver-dns-4.1.59.Final.jar:4.1.59.Final]
	at java.security.AccessController.doPrivileged(Native Method) ~[?:1.8.0_202]
	at io.netty.resolver.dns.DnsServerAddressStreamProviders.<clinit>(DnsServerAddressStreamProviders.java:46) ~[netty-resolver-dns-4.1.59.Final.jar:4.1.59.Final]
	at org.redisson.connection.MasterSlaveConnectionManager.<init>(MasterSlaveConnectionManager.java:193) ~[redisson-3.19.3.jar:3.19.3]
	at org.redisson.connection.MasterSlaveConnectionManager.<init>(MasterSlaveConnectionManager.java:137) ~[redisson-3.19.3.jar:3.19.3]
	at org.redisson.connection.SingleConnectionManager.<init>(SingleConnectionManager.java:30) ~[redisson-3.19.3.jar:3.19.3]
	at org.redisson.config.ConfigSupport.createConnectionManager(ConfigSupport.java:191) ~[redisson-3.19.3.jar:3.19.3]
	at org.redisson.Redisson.<init>(Redisson.java:68) ~[redisson-3.19.3.jar:3.19.3]
	at org.redisson.Redisson.create(Redisson.java:109) ~[redisson-3.19.3.jar:3.19.3]
	at org.server.config.RedissonConfiguration.redisson(RedissonConfiguration.java:37) ~[classes/:?]
	at org.server.config.RedissonConfiguration$$EnhancerBySpringCGLIB$$eb09533e.CGLIB$redisson$0(<generated>) ~[classes/:?]
	at org.server.config.RedissonConfiguration$$EnhancerBySpringCGLIB$$eb09533e$$FastClassBySpringCGLIB$$74114ddb.invoke(<generated>) ~[classes/:?]
	at org.springframework.cglib.proxy.MethodProxy.invokeSuper(MethodProxy.java:244) ~[spring-core-5.2.13.RELEASE.jar:5.2.13.RELEASE]
	at org.springframework.context.annotation.ConfigurationClassEnhancer$BeanMethodInterceptor.intercept(ConfigurationClassEnhancer.java:331) ~[spring-context-5.2.13.RELEASE.jar:5.2.13.RELEASE]
	at org.server.config.RedissonConfiguration$$EnhancerBySpringCGLIB$$eb09533e.redisson(<generated>) ~[classes/:?]
	at sun.reflect.NativeMethodAccessorImpl.invoke0(Native Method) ~[?:1.8.0_202]
	at sun.reflect.NativeMethodAccessorImpl.invoke(NativeMethodAccessorImpl.java:62) ~[?:1.8.0_202]
	at sun.reflect.DelegatingMethodAccessorImpl.invoke(DelegatingMethodAccessorImpl.java:43) ~[?:1.8.0_202]
	at java.lang.reflect.Method.invoke(Method.java:498) ~[?:1.8.0_202]
	at org.springframework.beans.factory.support.SimpleInstantiationStrategy.instantiate(SimpleInstantiationStrategy.java:154) ~[spring-beans-5.2.13.RELEASE.jar:5.2.13.RELEASE]
	at org.springframework.beans.factory.support.ConstructorResolver.instantiate(ConstructorResolver.java:652) ~[spring-beans-5.2.13.RELEASE.jar:5.2.13.RELEASE]
	at org.springframework.beans.factory.support.ConstructorResolver.instantiateUsingFactoryMethod(ConstructorResolver.java:485) ~[spring-beans-5.2.13.RELEASE.jar:5.2.13.RELEASE]
	at org.springframework.beans.factory.support.AbstractAutowireCapableBeanFactory.instantiateUsingFactoryMethod(AbstractAutowireCapableBeanFactory.java:1341) ~[spring-beans-5.2.13.RELEASE.jar:5.2.13.RELEASE]
	at org.springframework.beans.factory.support.AbstractAutowireCapableBeanFactory.createBeanInstance(AbstractAutowireCapableBeanFactory.java:1181) ~[spring-beans-5.2.13.RELEASE.jar:5.2.13.RELEASE]
	at org.springframework.beans.factory.support.AbstractAutowireCapableBeanFactory.doCreateBean(AbstractAutowireCapableBeanFactory.java:556) ~[spring-beans-5.2.13.RELEASE.jar:5.2.13.RELEASE]
	at org.springframework.beans.factory.support.AbstractAutowireCapableBeanFactory.createBean(AbstractAutowireCapableBeanFactory.java:516) ~[spring-beans-5.2.13.RELEASE.jar:5.2.13.RELEASE]
	at org.springframework.beans.factory.support.AbstractBeanFactory.lambda$doGetBean$0(AbstractBeanFactory.java:324) ~[spring-beans-5.2.13.RELEASE.jar:5.2.13.RELEASE]
	at org.springframework.beans.factory.support.DefaultSingletonBeanRegistry.getSingleton(DefaultSingletonBeanRegistry.java:234) ~[spring-beans-5.2.13.RELEASE.jar:5.2.13.RELEASE]
	at org.springframework.beans.factory.support.AbstractBeanFactory.doGetBean(AbstractBeanFactory.java:322) ~[spring-beans-5.2.13.RELEASE.jar:5.2.13.RELEASE]
	at org.springframework.beans.factory.support.AbstractBeanFactory.getBean(AbstractBeanFactory.java:202) ~[spring-beans-5.2.13.RELEASE.jar:5.2.13.RELEASE]
	at org.springframework.beans.factory.config.DependencyDescriptor.resolveCandidate(DependencyDescriptor.java:276) ~[spring-beans-5.2.13.RELEASE.jar:5.2.13.RELEASE]
	at org.springframework.beans.factory.support.DefaultListableBeanFactory.doResolveDependency(DefaultListableBeanFactory.java:1307) ~[spring-beans-5.2.13.RELEASE.jar:5.2.13.RELEASE]
	at org.springframework.beans.factory.support.DefaultListableBeanFactory.resolveDependency(DefaultListableBeanFactory.java:1227) ~[spring-beans-5.2.13.RELEASE.jar:5.2.13.RELEASE]
	at org.springframework.context.annotation.CommonAnnotationBeanPostProcessor.autowireResource(CommonAnnotationBeanPostProcessor.java:521) ~[spring-context-5.2.13.RELEASE.jar:5.2.13.RELEASE]
	at org.springframework.context.annotation.CommonAnnotationBeanPostProcessor.getResource(CommonAnnotationBeanPostProcessor.java:497) ~[spring-context-5.2.13.RELEASE.jar:5.2.13.RELEASE]
	at org.springframework.context.annotation.CommonAnnotationBeanPostProcessor$ResourceElement.getResourceToInject(CommonAnnotationBeanPostProcessor.java:650) ~[spring-context-5.2.13.RELEASE.jar:5.2.13.RELEASE]
	at org.springframework.beans.factory.annotation.InjectionMetadata$InjectedElement.inject(InjectionMetadata.java:228) ~[spring-beans-5.2.13.RELEASE.jar:5.2.13.RELEASE]
	at org.springframework.beans.factory.annotation.InjectionMetadata.inject(InjectionMetadata.java:119) ~[spring-beans-5.2.13.RELEASE.jar:5.2.13.RELEASE]
	at org.springframework.context.annotation.CommonAnnotationBeanPostProcessor.postProcessProperties(CommonAnnotationBeanPostProcessor.java:318) ~[spring-context-5.2.13.RELEASE.jar:5.2.13.RELEASE]
	at org.springframework.beans.factory.support.AbstractAutowireCapableBeanFactory.populateBean(AbstractAutowireCapableBeanFactory.java:1425) ~[spring-beans-5.2.13.RELEASE.jar:5.2.13.RELEASE]
	at org.springframework.beans.factory.support.AbstractAutowireCapableBeanFactory.doCreateBean(AbstractAutowireCapableBeanFactory.java:593) ~[spring-beans-5.2.13.RELEASE.jar:5.2.13.RELEASE]
	at org.springframework.beans.factory.support.AbstractAutowireCapableBeanFactory.createBean(AbstractAutowireCapableBeanFactory.java:516) ~[spring-beans-5.2.13.RELEASE.jar:5.2.13.RELEASE]
	at org.springframework.beans.factory.support.AbstractBeanFactory.lambda$doGetBean$0(AbstractBeanFactory.java:324) ~[spring-beans-5.2.13.RELEASE.jar:5.2.13.RELEASE]
	at org.springframework.beans.factory.support.DefaultSingletonBeanRegistry.getSingleton(DefaultSingletonBeanRegistry.java:234) [spring-beans-5.2.13.RELEASE.jar:5.2.13.RELEASE]
	at org.springframework.beans.factory.support.AbstractBeanFactory.doGetBean(AbstractBeanFactory.java:322) [spring-beans-5.2.13.RELEASE.jar:5.2.13.RELEASE]
	at org.springframework.beans.factory.support.AbstractBeanFactory.getBean(AbstractBeanFactory.java:202) [spring-beans-5.2.13.RELEASE.jar:5.2.13.RELEASE]
	at org.springframework.beans.factory.support.DefaultListableBeanFactory.preInstantiateSingletons(DefaultListableBeanFactory.java:897) [spring-beans-5.2.13.RELEASE.jar:5.2.13.RELEASE]
	at org.springframework.context.support.AbstractApplicationContext.finishBeanFactoryInitialization(AbstractApplicationContext.java:879) [spring-context-5.2.13.RELEASE.jar:5.2.13.RELEASE]
	at org.springframework.context.support.AbstractApplicationContext.refresh(AbstractApplicationContext.java:551) [spring-context-5.2.13.RELEASE.jar:5.2.13.RELEASE]
	at org.springframework.boot.SpringApplication.refresh(SpringApplication.java:758) [spring-boot-2.3.9.RELEASE.jar:2.3.9.RELEASE]
	at org.springframework.boot.SpringApplication.refresh(SpringApplication.java:750) [spring-boot-2.3.9.RELEASE.jar:2.3.9.RELEASE]
	at org.springframework.boot.SpringApplication.refreshContext(SpringApplication.java:405) [spring-boot-2.3.9.RELEASE.jar:2.3.9.RELEASE]
	at org.springframework.boot.SpringApplication.run(SpringApplication.java:315) [spring-boot-2.3.9.RELEASE.jar:2.3.9.RELEASE]
	at org.springframework.boot.test.context.SpringBootContextLoader.loadContext(SpringBootContextLoader.java:120) [spring-boot-test-2.3.9.RELEASE.jar:2.3.9.RELEASE]
	at org.springframework.test.context.cache.DefaultCacheAwareContextLoaderDelegate.loadContextInternal(DefaultCacheAwareContextLoaderDelegate.java:99) [spring-test-5.2.13.RELEASE.jar:5.2.13.RELEASE]
	at org.springframework.test.context.cache.DefaultCacheAwareContextLoaderDelegate.loadContext(DefaultCacheAwareContextLoaderDelegate.java:124) [spring-test-5.2.13.RELEASE.jar:5.2.13.RELEASE]
	at org.springframework.test.context.support.DefaultTestContext.getApplicationContext(DefaultTestContext.java:123) [spring-test-5.2.13.RELEASE.jar:5.2.13.RELEASE]
	at org.springframework.test.context.web.ServletTestExecutionListener.setUpRequestContextIfNecessary(ServletTestExecutionListener.java:190) [spring-test-5.2.13.RELEASE.jar:5.2.13.RELEASE]
	at org.springframework.test.context.web.ServletTestExecutionListener.prepareTestInstance(ServletTestExecutionListener.java:132) [spring-test-5.2.13.RELEASE.jar:5.2.13.RELEASE]
	at org.springframework.test.context.TestContextManager.prepareTestInstance(TestContextManager.java:244) [spring-test-5.2.13.RELEASE.jar:5.2.13.RELEASE]
	at org.springframework.test.context.junit4.SpringJUnit4ClassRunner.createTest(SpringJUnit4ClassRunner.java:227) [spring-test-5.2.13.RELEASE.jar:5.2.13.RELEASE]
	at org.springframework.test.context.junit4.SpringJUnit4ClassRunner$1.runReflectiveCall(SpringJUnit4ClassRunner.java:289) [spring-test-5.2.13.RELEASE.jar:5.2.13.RELEASE]
	at org.junit.internal.runners.model.ReflectiveCallable.run(ReflectiveCallable.java:12) [junit-4.13.2.jar:4.13.2]
	at org.springframework.test.context.junit4.SpringJUnit4ClassRunner.methodBlock(SpringJUnit4ClassRunner.java:291) [spring-test-5.2.13.RELEASE.jar:5.2.13.RELEASE]
	at org.springframework.test.context.junit4.SpringJUnit4ClassRunner.runChild(SpringJUnit4ClassRunner.java:246) [spring-test-5.2.13.RELEASE.jar:5.2.13.RELEASE]
	at org.springframework.test.context.junit4.SpringJUnit4ClassRunner.runChild(SpringJUnit4ClassRunner.java:97) [spring-test-5.2.13.RELEASE.jar:5.2.13.RELEASE]
	at org.junit.runners.ParentRunner$4.run(ParentRunner.java:331) [junit-4.13.2.jar:4.13.2]
	at org.junit.runners.ParentRunner$1.schedule(ParentRunner.java:79) [junit-4.13.2.jar:4.13.2]
	at org.junit.runners.ParentRunner.runChildren(ParentRunner.java:329) [junit-4.13.2.jar:4.13.2]
	at org.junit.runners.ParentRunner.access$100(ParentRunner.java:66) [junit-4.13.2.jar:4.13.2]
	at org.junit.runners.ParentRunner$2.evaluate(ParentRunner.java:293) [junit-4.13.2.jar:4.13.2]
	at org.springframework.test.context.junit4.statements.RunBeforeTestClassCallbacks.evaluate(RunBeforeTestClassCallbacks.java:61) [spring-test-5.2.13.RELEASE.jar:5.2.13.RELEASE]
	at org.springframework.test.context.junit4.statements.RunAfterTestClassCallbacks.evaluate(RunAfterTestClassCallbacks.java:70) [spring-test-5.2.13.RELEASE.jar:5.2.13.RELEASE]
	at org.junit.runners.ParentRunner$3.evaluate(ParentRunner.java:306) [junit-4.13.2.jar:4.13.2]
	at org.junit.runners.ParentRunner.run(ParentRunner.java:413) [junit-4.13.2.jar:4.13.2]
	at org.springframework.test.context.junit4.SpringJUnit4ClassRunner.run(SpringJUnit4ClassRunner.java:190) [spring-test-5.2.13.RELEASE.jar:5.2.13.RELEASE]
	at org.junit.runner.JUnitCore.run(JUnitCore.java:137) [junit-4.13.2.jar:4.13.2]
	at com.intellij.junit4.JUnit4IdeaTestRunner.startRunnerWithArgs(JUnit4IdeaTestRunner.java:69) [junit-rt.jar:?]
	at com.intellij.rt.junit.IdeaTestRunner$Repeater$1.execute(IdeaTestRunner.java:38) [junit-rt.jar:?]
	at com.intellij.rt.execution.junit.TestsRepeater.repeat(TestsRepeater.java:11) [idea_rt.jar:?]
	at com.intellij.rt.junit.IdeaTestRunner$Repeater.startRunnerWithArgs(IdeaTestRunner.java:35) [junit-rt.jar:?]
	at com.intellij.rt.junit.JUnitStarter.prepareStreamsAndStart(JUnitStarter.java:235) [junit-rt.jar:?]
	at com.intellij.rt.junit.JUnitStarter.main(JUnitStarter.java:54) [junit-rt.jar:?]
18:56:01.204 [main] WARN  io.netty.resolver.dns.DnsServerAddressStreamProviders - Unable to load io.netty.resolver.dns.macos.MacOSDnsServerAddressStreamProvider, fallback to system defaults. This may result in incorrect DNS resolutions on MacOS.
java.lang.ClassNotFoundException: io.netty.resolver.dns.macos.MacOSDnsServerAddressStreamProvider
	at java.net.URLClassLoader.findClass(URLClassLoader.java:382) ~[?:1.8.0_202]
	at java.lang.ClassLoader.loadClass(ClassLoader.java:424) ~[?:1.8.0_202]
	at sun.misc.Launcher$AppClassLoader.loadClass(Launcher.java:349) ~[?:1.8.0_202]
	at java.lang.ClassLoader.loadClass(ClassLoader.java:357) ~[?:1.8.0_202]
	at java.lang.Class.forName0(Native Method) ~[?:1.8.0_202]
	at java.lang.Class.forName(Class.java:348) ~[?:1.8.0_202]
	at io.netty.resolver.dns.DnsServerAddressStreamProviders$1.run(DnsServerAddressStreamProviders.java:50) ~[netty-resolver-dns-4.1.59.Final.jar:4.1.59.Final]
	at java.security.AccessController.doPrivileged(Native Method) ~[?:1.8.0_202]
	at io.netty.resolver.dns.DnsServerAddressStreamProviders.<clinit>(DnsServerAddressStreamProviders.java:46) ~[netty-resolver-dns-4.1.59.Final.jar:4.1.59.Final]
	at org.redisson.connection.MasterSlaveConnectionManager.<init>(MasterSlaveConnectionManager.java:193) ~[redisson-3.19.3.jar:3.19.3]
	at org.redisson.connection.MasterSlaveConnectionManager.<init>(MasterSlaveConnectionManager.java:137) ~[redisson-3.19.3.jar:3.19.3]
	at org.redisson.connection.SingleConnectionManager.<init>(SingleConnectionManager.java:30) ~[redisson-3.19.3.jar:3.19.3]
	at org.redisson.config.ConfigSupport.createConnectionManager(ConfigSupport.java:191) ~[redisson-3.19.3.jar:3.19.3]
	at org.redisson.Redisson.<init>(Redisson.java:68) ~[redisson-3.19.3.jar:3.19.3]
	at org.redisson.Redisson.create(Redisson.java:109) ~[redisson-3.19.3.jar:3.19.3]
	at org.server.config.RedissonConfiguration.redisson(RedissonConfiguration.java:37) ~[classes/:?]
	at org.server.config.RedissonConfiguration$$EnhancerBySpringCGLIB$$44a935db.CGLIB$redisson$0(<generated>) ~[classes/:?]
	at org.server.config.RedissonConfiguration$$EnhancerBySpringCGLIB$$44a935db$$FastClassBySpringCGLIB$$6435ac9d.invoke(<generated>) ~[classes/:?]
	at org.springframework.cglib.proxy.MethodProxy.invokeSuper(MethodProxy.java:244) ~[spring-core-5.2.13.RELEASE.jar:5.2.13.RELEASE]
	at org.springframework.context.annotation.ConfigurationClassEnhancer$BeanMethodInterceptor.intercept(ConfigurationClassEnhancer.java:331) ~[spring-context-5.2.13.RELEASE.jar:5.2.13.RELEASE]
	at org.server.config.RedissonConfiguration$$EnhancerBySpringCGLIB$$44a935db.redisson(<generated>) ~[classes/:?]
	at sun.reflect.NativeMethodAccessorImpl.invoke0(Native Method) ~[?:1.8.0_202]
	at sun.reflect.NativeMethodAccessorImpl.invoke(NativeMethodAccessorImpl.java:62) ~[?:1.8.0_202]
	at sun.reflect.DelegatingMethodAccessorImpl.invoke(DelegatingMethodAccessorImpl.java:43) ~[?:1.8.0_202]
	at java.lang.reflect.Method.invoke(Method.java:498) ~[?:1.8.0_202]
	at org.springframework.beans.factory.support.SimpleInstantiationStrategy.instantiate(SimpleInstantiationStrategy.java:154) ~[spring-beans-5.2.13.RELEASE.jar:5.2.13.RELEASE]
	at org.springframework.beans.factory.support.ConstructorResolver.instantiate(ConstructorResolver.java:652) ~[spring-beans-5.2.13.RELEASE.jar:5.2.13.RELEASE]
	at org.springframework.beans.factory.support.ConstructorResolver.instantiateUsingFactoryMethod(ConstructorResolver.java:485) ~[spring-beans-5.2.13.RELEASE.jar:5.2.13.RELEASE]
	at org.springframework.beans.factory.support.AbstractAutowireCapableBeanFactory.instantiateUsingFactoryMethod(AbstractAutowireCapableBeanFactory.java:1341) ~[spring-beans-5.2.13.RELEASE.jar:5.2.13.RELEASE]
	at org.springframework.beans.factory.support.AbstractAutowireCapableBeanFactory.createBeanInstance(AbstractAutowireCapableBeanFactory.java:1181) ~[spring-beans-5.2.13.RELEASE.jar:5.2.13.RELEASE]
	at org.springframework.beans.factory.support.AbstractAutowireCapableBeanFactory.doCreateBean(AbstractAutowireCapableBeanFactory.java:556) ~[spring-beans-5.2.13.RELEASE.jar:5.2.13.RELEASE]
	at org.springframework.beans.factory.support.AbstractAutowireCapableBeanFactory.createBean(AbstractAutowireCapableBeanFactory.java:516) ~[spring-beans-5.2.13.RELEASE.jar:5.2.13.RELEASE]
	at org.springframework.beans.factory.support.AbstractBeanFactory.lambda$doGetBean$0(AbstractBeanFactory.java:324) ~[spring-beans-5.2.13.RELEASE.jar:5.2.13.RELEASE]
	at org.springframework.beans.factory.support.DefaultSingletonBeanRegistry.getSingleton(DefaultSingletonBeanRegistry.java:234) ~[spring-beans-5.2.13.RELEASE.jar:5.2.13.RELEASE]
	at org.springframework.beans.factory.support.AbstractBeanFactory.doGetBean(AbstractBeanFactory.java:322) ~[spring-beans-5.2.13.RELEASE.jar:5.2.13.RELEASE]
	at org.springframework.beans.factory.support.AbstractBeanFactory.getBean(AbstractBeanFactory.java:202) ~[spring-beans-5.2.13.RELEASE.jar:5.2.13.RELEASE]
	at org.springframework.beans.factory.config.DependencyDescriptor.resolveCandidate(DependencyDescriptor.java:276) ~[spring-beans-5.2.13.RELEASE.jar:5.2.13.RELEASE]
	at org.springframework.beans.factory.support.DefaultListableBeanFactory.doResolveDependency(DefaultListableBeanFactory.java:1307) ~[spring-beans-5.2.13.RELEASE.jar:5.2.13.RELEASE]
	at org.springframework.beans.factory.support.DefaultListableBeanFactory.resolveDependency(DefaultListableBeanFactory.java:1227) ~[spring-beans-5.2.13.RELEASE.jar:5.2.13.RELEASE]
	at org.springframework.context.annotation.CommonAnnotationBeanPostProcessor.autowireResource(CommonAnnotationBeanPostProcessor.java:521) ~[spring-context-5.2.13.RELEASE.jar:5.2.13.RELEASE]
	at org.springframework.context.annotation.CommonAnnotationBeanPostProcessor.getResource(CommonAnnotationBeanPostProcessor.java:497) ~[spring-context-5.2.13.RELEASE.jar:5.2.13.RELEASE]
	at org.springframework.context.annotation.CommonAnnotationBeanPostProcessor$ResourceElement.getResourceToInject(CommonAnnotationBeanPostProcessor.java:650) ~[spring-context-5.2.13.RELEASE.jar:5.2.13.RELEASE]
	at org.springframework.beans.factory.annotation.InjectionMetadata$InjectedElement.inject(InjectionMetadata.java:228) ~[spring-beans-5.2.13.RELEASE.jar:5.2.13.RELEASE]
	at org.springframework.beans.factory.annotation.InjectionMetadata.inject(InjectionMetadata.java:119) ~[spring-beans-5.2.13.RELEASE.jar:5.2.13.RELEASE]
	at org.springframework.context.annotation.CommonAnnotationBeanPostProcessor.postProcessProperties(CommonAnnotationBeanPostProcessor.java:318) ~[spring-context-5.2.13.RELEASE.jar:5.2.13.RELEASE]
	at org.springframework.beans.factory.support.AbstractAutowireCapableBeanFactory.populateBean(AbstractAutowireCapableBeanFactory.java:1425) ~[spring-beans-5.2.13.RELEASE.jar:5.2.13.RELEASE]
	at org.springframework.beans.factory.support.AbstractAutowireCapableBeanFactory.doCreateBean(AbstractAutowireCapableBeanFactory.java:593) ~[spring-beans-5.2.13.RELEASE.jar:5.2.13.RELEASE]
	at org.springframework.beans.factory.support.AbstractAutowireCapableBeanFactory.createBean(AbstractAutowireCapableBeanFactory.java:516) ~[spring-beans-5.2.13.RELEASE.jar:5.2.13.RELEASE]
	at org.springframework.beans.factory.support.AbstractBeanFactory.lambda$doGetBean$0(AbstractBeanFactory.java:324) ~[spring-beans-5.2.13.RELEASE.jar:5.2.13.RELEASE]
	at org.springframework.beans.factory.support.DefaultSingletonBeanRegistry.getSingleton(DefaultSingletonBeanRegistry.java:234) [spring-beans-5.2.13.RELEASE.jar:5.2.13.RELEASE]
	at org.springframework.beans.factory.support.AbstractBeanFactory.doGetBean(AbstractBeanFactory.java:322) [spring-beans-5.2.13.RELEASE.jar:5.2.13.RELEASE]
	at org.springframework.beans.factory.support.AbstractBeanFactory.getBean(AbstractBeanFactory.java:202) [spring-beans-5.2.13.RELEASE.jar:5.2.13.RELEASE]
	at org.springframework.beans.factory.support.DefaultListableBeanFactory.preInstantiateSingletons(DefaultListableBeanFactory.java:897) [spring-beans-5.2.13.RELEASE.jar:5.2.13.RELEASE]
	at org.springframework.context.support.AbstractApplicationContext.finishBeanFactoryInitialization(AbstractApplicationContext.java:879) [spring-context-5.2.13.RELEASE.jar:5.2.13.RELEASE]
	at org.springframework.context.support.AbstractApplicationContext.refresh(AbstractApplicationContext.java:551) [spring-context-5.2.13.RELEASE.jar:5.2.13.RELEASE]
	at org.springframework.boot.SpringApplication.refresh(SpringApplication.java:758) [spring-boot-2.3.9.RELEASE.jar:2.3.9.RELEASE]
	at org.springframework.boot.SpringApplication.refresh(SpringApplication.java:750) [spring-boot-2.3.9.RELEASE.jar:2.3.9.RELEASE]
	at org.springframework.boot.SpringApplication.refreshContext(SpringApplication.java:405) [spring-boot-2.3.9.RELEASE.jar:2.3.9.RELEASE]
	at org.springframework.boot.SpringApplication.run(SpringApplication.java:315) [spring-boot-2.3.9.RELEASE.jar:2.3.9.RELEASE]
	at org.springframework.boot.test.context.SpringBootContextLoader.loadContext(SpringBootContextLoader.java:120) [spring-boot-test-2.3.9.RELEASE.jar:2.3.9.RELEASE]
	at org.springframework.test.context.cache.DefaultCacheAwareContextLoaderDelegate.loadContextInternal(DefaultCacheAwareContextLoaderDelegate.java:99) [spring-test-5.2.13.RELEASE.jar:5.2.13.RELEASE]
	at org.springframework.test.context.cache.DefaultCacheAwareContextLoaderDelegate.loadContext(DefaultCacheAwareContextLoaderDelegate.java:124) [spring-test-5.2.13.RELEASE.jar:5.2.13.RELEASE]
	at org.springframework.test.context.support.DefaultTestContext.getApplicationContext(DefaultTestContext.java:123) [spring-test-5.2.13.RELEASE.jar:5.2.13.RELEASE]
	at org.springframework.test.context.web.ServletTestExecutionListener.setUpRequestContextIfNecessary(ServletTestExecutionListener.java:190) [spring-test-5.2.13.RELEASE.jar:5.2.13.RELEASE]
	at org.springframework.test.context.web.ServletTestExecutionListener.prepareTestInstance(ServletTestExecutionListener.java:132) [spring-test-5.2.13.RELEASE.jar:5.2.13.RELEASE]
	at org.springframework.test.context.TestContextManager.prepareTestInstance(TestContextManager.java:244) [spring-test-5.2.13.RELEASE.jar:5.2.13.RELEASE]
	at org.springframework.test.context.junit4.SpringJUnit4ClassRunner.createTest(SpringJUnit4ClassRunner.java:227) [spring-test-5.2.13.RELEASE.jar:5.2.13.RELEASE]
	at org.springframework.test.context.junit4.SpringJUnit4ClassRunner$1.runReflectiveCall(SpringJUnit4ClassRunner.java:289) [spring-test-5.2.13.RELEASE.jar:5.2.13.RELEASE]
	at org.junit.internal.runners.model.ReflectiveCallable.run(ReflectiveCallable.java:12) [junit-4.13.2.jar:4.13.2]
	at org.springframework.test.context.junit4.SpringJUnit4ClassRunner.methodBlock(SpringJUnit4ClassRunner.java:291) [spring-test-5.2.13.RELEASE.jar:5.2.13.RELEASE]
	at org.springframework.test.context.junit4.SpringJUnit4ClassRunner.runChild(SpringJUnit4ClassRunner.java:246) [spring-test-5.2.13.RELEASE.jar:5.2.13.RELEASE]
	at org.springframework.test.context.junit4.SpringJUnit4ClassRunner.runChild(SpringJUnit4ClassRunner.java:97) [spring-test-5.2.13.RELEASE.jar:5.2.13.RELEASE]
	at org.junit.runners.ParentRunner$4.run(ParentRunner.java:331) [junit-4.13.2.jar:4.13.2]
	at org.junit.runners.ParentRunner$1.schedule(ParentRunner.java:79) [junit-4.13.2.jar:4.13.2]
	at org.junit.runners.ParentRunner.runChildren(ParentRunner.java:329) [junit-4.13.2.jar:4.13.2]
	at org.junit.runners.ParentRunner.access$100(ParentRunner.java:66) [junit-4.13.2.jar:4.13.2]
	at org.junit.runners.ParentRunner$2.evaluate(ParentRunner.java:293) [junit-4.13.2.jar:4.13.2]
	at org.springframework.test.context.junit4.statements.RunBeforeTestClassCallbacks.evaluate(RunBeforeTestClassCallbacks.java:61) [spring-test-5.2.13.RELEASE.jar:5.2.13.RELEASE]
	at org.springframework.test.context.junit4.statements.RunAfterTestClassCallbacks.evaluate(RunAfterTestClassCallbacks.java:70) [spring-test-5.2.13.RELEASE.jar:5.2.13.RELEASE]
	at org.junit.runners.ParentRunner$3.evaluate(ParentRunner.java:306) [junit-4.13.2.jar:4.13.2]
	at org.junit.runners.ParentRunner.run(ParentRunner.java:413) [junit-4.13.2.jar:4.13.2]
	at org.springframework.test.context.junit4.SpringJUnit4ClassRunner.run(SpringJUnit4ClassRunner.java:190) [spring-test-5.2.13.RELEASE.jar:5.2.13.RELEASE]
	at org.junit.runners.Suite.runChild(Suite.java:128) [junit-4.13.2.jar:4.13.2]
	at org.junit.runners.Suite.runChild(Suite.java:27) [junit-4.13.2.jar:4.13.2]
	at org.junit.runners.ParentRunner$4.run(ParentRunner.java:331) [junit-4.13.2.jar:4.13.2]
	at org.junit.runners.ParentRunner$1.schedule(ParentRunner.java:79) [junit-4.13.2.jar:4.13.2]
	at org.junit.runners.ParentRunner.runChildren(ParentRunner.java:329) [junit-4.13.2.jar:4.13.2]
	at org.junit.runners.ParentRunner.access$100(ParentRunner.java:66) [junit-4.13.2.jar:4.13.2]
	at org.junit.runners.ParentRunner$2.evaluate(ParentRunner.java:293) [junit-4.13.2.jar:4.13.2]
	at org.junit.runners.ParentRunner$3.evaluate(ParentRunner.java:306) [junit-4.13.2.jar:4.13.2]
	at org.junit.runners.ParentRunner.run(ParentRunner.java:413) [junit-4.13.2.jar:4.13.2]
	at org.junit.runner.JUnitCore.run(JUnitCore.java:137) [junit-4.13.2.jar:4.13.2]
	at com.intellij.junit4.JUnit4IdeaTestRunner.startRunnerWithArgs(JUnit4IdeaTestRunner.java:69) [junit-rt.jar:?]
	at com.intellij.rt.junit.IdeaTestRunner$Repeater$1.execute(IdeaTestRunner.java:38) [junit-rt.jar:?]
	at com.intellij.rt.execution.junit.TestsRepeater.repeat(TestsRepeater.java:11) [idea_rt.jar:?]
	at com.intellij.rt.junit.IdeaTestRunner$Repeater.startRunnerWithArgs(IdeaTestRunner.java:35) [junit-rt.jar:?]
	at com.intellij.rt.junit.JUnitStarter.prepareStreamsAndStart(JUnitStarter.java:235) [junit-rt.jar:?]
	at com.intellij.rt.junit.JUnitStarter.main(JUnitStarter.java:54) [junit-rt.jar:?]
18:56:16.003 [main] ERROR org.server.websocket.NettyInitListen - Netty 錯誤: Address already in use
18:56:16.331 [main] ERROR org.server.client.controller.OkHttpController - message
18:56:16.331 [main] WARN  org.server.client.controller.OkHttpController - message
18:56:16.931 [Thread-10] WARN  com.alibaba.nacos.common.notify.NotifyCenter - [NotifyCenter] Start destroying Publisher
18:56:16.931 [Thread-4] WARN  com.alibaba.nacos.common.http.HttpClientBeanHolder - [HttpClientBeanHolder] Start destroying common HttpClient
18:56:16.934 [Thread-10] WARN  com.alibaba.nacos.common.notify.NotifyCenter - [NotifyCenter] Destruction of the end
18:56:16.935 [Thread-4] WARN  com.alibaba.nacos.common.http.HttpClientBeanHolder - [HttpClientBeanHolder] Destruction of the end
18:58:59.120 [Thread-10] WARN  com.alibaba.nacos.common.notify.NotifyCenter - [NotifyCenter] Start destroying Publisher
18:58:59.121 [Thread-4] WARN  com.alibaba.nacos.common.http.HttpClientBeanHolder - [HttpClientBeanHolder] Start destroying common HttpClient
18:58:59.130 [Thread-10] WARN  com.alibaba.nacos.common.notify.NotifyCenter - [NotifyCenter] Destruction of the end
18:58:59.138 [Thread-4] WARN  com.alibaba.nacos.common.http.HttpClientBeanHolder - [HttpClientBeanHolder] Destruction of the end
