2023-06-18 10:20:43,591 INFO notifyConnectTimeout:200

2023-06-18 10:20:43,599 INFO notifySocketTimeout:8000

2023-06-18 10:20:43,601 INFO isHealthCheck:true

2023-06-18 10:20:43,601 INFO maxHealthCheckFailCount:12

2023-06-18 10:20:43,602 INFO maxContent:10485760

2023-06-18 10:20:43,603 INFO spring.datasource.platform:""

2023-06-18 10:20:46,756 INFO use local db service for init

2023-06-18 10:20:47,374 WARN Lexical error at line 4, column 66.  Encountered: <EOF> after : "".

2023-06-18 10:20:47,378 WARN Syntax error: Encountered "*" at line 1, column 1.

2023-06-18 10:20:47,637 WARN Lexical error at line 4, column 13.  Encountered: "`" (96), after : "".

2023-06-18 10:20:47,638 WARN Lexical error at line 1, column 13.  Encountered: "`" (96), after : "".

2023-06-18 10:20:47,639 WARN Lexical error at line 1, column 13.  Encountered: "`" (96), after : "".

2023-06-18 10:20:47,640 WARN Lexical error at line 1, column 13.  Encountered: "`" (96), after : "".

2023-06-18 10:20:47,643 INFO use StandaloneDatabaseOperateImpl

2023-06-18 10:20:48,301 WARN DumpService start

2023-06-18 10:20:48,313 INFO start clear all config-info.

2023-06-18 10:20:48,314 WARN clear all config-info failed.

2023-06-18 10:20:48,316 WARN clear all config-info-tenant failed.

2023-06-18 10:20:48,465 INFO start clear all config-info-beta.

2023-06-18 10:20:48,466 WARN clear all config-info-beta failed.

2023-06-18 10:20:48,467 WARN clear all config-info-beta-tenant failed.

2023-06-18 10:20:48,477 INFO start clear all config-info-tag.

2023-06-18 10:20:48,478 WARN clear all config-info-tag failed.

2023-06-18 10:20:48,479 WARN clear all config-info-tag-tenant failed.

2023-06-18 14:19:35,262 INFO notifyConnectTimeout:200

2023-06-18 14:19:35,276 INFO notifySocketTimeout:8000

2023-06-18 14:19:35,277 INFO isHealthCheck:true

2023-06-18 14:19:35,278 INFO maxHealthCheckFailCount:12

2023-06-18 14:19:35,279 INFO maxContent:10485760

2023-06-18 14:19:35,280 INFO spring.datasource.platform:""

2023-06-18 14:19:38,358 INFO use local db service for init

2023-06-18 14:19:38,990 WARN Lexical error at line 4, column 66.  Encountered: <EOF> after : "".

2023-06-18 14:19:38,996 WARN Syntax error: Encountered "*" at line 1, column 1.

2023-06-18 14:19:39,241 WARN Lexical error at line 4, column 13.  Encountered: "`" (96), after : "".

2023-06-18 14:19:39,243 WARN Lexical error at line 1, column 13.  Encountered: "`" (96), after : "".

2023-06-18 14:19:39,244 WARN Lexical error at line 1, column 13.  Encountered: "`" (96), after : "".

2023-06-18 14:19:39,246 WARN Lexical error at line 1, column 13.  Encountered: "`" (96), after : "".

2023-06-18 14:19:39,246 INFO use StandaloneDatabaseOperateImpl

2023-06-18 14:19:40,042 WARN DumpService start

2023-06-18 14:19:40,048 INFO start clear all config-info.

2023-06-18 14:19:40,051 WARN clear all config-info failed.

2023-06-18 14:19:40,052 WARN clear all config-info-tenant failed.

2023-06-18 14:19:40,084 INFO start clear all config-info-beta.

2023-06-18 14:19:40,086 WARN clear all config-info-beta failed.

2023-06-18 14:19:40,088 WARN clear all config-info-beta-tenant failed.

2023-06-18 14:19:40,097 INFO start clear all config-info-tag.

2023-06-18 14:19:40,098 WARN clear all config-info-tag failed.

2023-06-18 14:19:40,098 WARN clear all config-info-tag-tenant failed.

