2023-06-18 10:20:43,608 INFO Starting Nacos v2.0.3 on 37c05bbeac86 with PID 1 (/home/nacos/target/nacos-server.jar started by root in /home/nacos)

2023-06-18 10:20:43,615 INFO The following profiles are active: standalone

2023-06-18 10:20:46,116 INFO Bean 'org.springframework.security.access.expression.method.DefaultMethodSecurityExpressionHandler@2392212b' of type [org.springframework.security.access.expression.method.DefaultMethodSecurityExpressionHandler] is not eligible for getting processed by all BeanPostProcessors (for example: not eligible for auto-proxying)

2023-06-18 10:20:46,125 INFO Bean 'methodSecurityMetadataSource' of type [org.springframework.security.access.method.DelegatingMethodSecurityMetadataSource] is not eligible for getting processed by all BeanPostProcessors (for example: not eligible for auto-proxying)

2023-06-18 10:20:46,349 INFO Tomcat initialized with port(s): 8848 (http)

2023-06-18 10:20:46,375 INFO Starting service [Tomcat]

2023-06-18 10:20:46,377 INFO Starting Servlet engine: [Apache Tomcat/9.0.38]

2023-06-18 10:20:46,572 INFO At least one JAR was scanned for TLDs yet contained no TLDs. Enable debug logging for this logger for a complete list of JARs that were scanned but no TLDs were found in them. Skipping unneeded JARs during scanning can improve startup time and JSP compilation time.

2023-06-18 10:20:46,603 INFO Initializing Spring embedded WebApplicationContext

2023-06-18 10:20:46,605 INFO Root WebApplicationContext: initialization completed in 2949 ms

2023-06-18 10:20:46,907 INFO HikariPool-1 - Starting...

2023-06-18 10:20:46,911 WARN Registered driver with driverClassName=org.apache.derby.jdbc.EmbeddedDriver was not found, trying direct instantiation.

2023-06-18 10:20:47,315 INFO HikariPool-1 - Driver does not support get/set network timeout for connections. (Feature not implemented: No details.)

2023-06-18 10:20:47,320 INFO HikariPool-1 - Start completed.

2023-06-18 10:20:47,862 INFO Nacos-related cluster resource initialization

2023-06-18 10:20:47,878 INFO The cluster resource is initialized

2023-06-18 10:20:47,904 INFO Get Distro config from env, DistroConfig{syncDelayMillis=1000, syncTimeoutMillis=3000, syncRetryDelayMillis=3000, verifyIntervalMillis=5000, verifyTimeoutMillis=3000, loadDataRetryDelayMillis=30000}

2023-06-18 10:20:48,179 INFO Reflections took 24 ms to scan 1 urls, producing 5 keys and 10 values 

2023-06-18 10:20:48,205 INFO Reflections took 3 ms to scan 1 urls, producing 4 keys and 23 values 

2023-06-18 10:20:48,214 INFO Reflections took 3 ms to scan 1 urls, producing 5 keys and 19 values 

2023-06-18 10:20:48,222 INFO Reflections took 1 ms to scan 1 urls, producing 2 keys and 12 values 

2023-06-18 10:20:48,701 INFO Reflections took 22 ms to scan 2 urls, producing 3 keys and 6 values 

2023-06-18 10:20:48,725 INFO Reflections took 21 ms to scan 2 urls, producing 4 keys and 9 values 

2023-06-18 10:20:48,747 INFO Reflections took 20 ms to scan 2 urls, producing 3 keys and 10 values 

2023-06-18 10:20:48,751 INFO Reflections took 2 ms to scan 1 urls, producing 2 keys and 2 values 

2023-06-18 10:20:48,773 INFO Reflections took 19 ms to scan 2 urls, producing 1 keys and 5 values 

2023-06-18 10:20:48,794 INFO Reflections took 19 ms to scan 2 urls, producing 1 keys and 7 values 

2023-06-18 10:20:48,816 INFO Reflections took 20 ms to scan 2 urls, producing 2 keys and 8 values 

2023-06-18 10:20:48,819 INFO Reflections took 1 ms to scan 1 urls, producing 1 keys and 1 values 

2023-06-18 10:20:50,084 INFO Initializing ExecutorService 'applicationTaskExecutor'

2023-06-18 10:20:50,170 INFO Adding welcome page: class path resource [static/index.html]

2023-06-18 10:20:50,445 INFO Creating filter chain: Ant [pattern='/**'], []

2023-06-18 10:20:50,466 INFO Creating filter chain: any request, [org.springframework.security.web.context.request.async.WebAsyncManagerIntegrationFilter@3e7c4815, org.springframework.security.web.context.SecurityContextPersistenceFilter@242a209e, org.springframework.security.web.header.HeaderWriterFilter@45e1aa48, org.springframework.security.web.csrf.CsrfFilter@6b3f6585, org.springframework.security.web.authentication.logout.LogoutFilter@6629ad09, org.springframework.security.web.savedrequest.RequestCacheAwareFilter@2b8bd798, org.springframework.security.web.servletapi.SecurityContextHolderAwareRequestFilter@1cec219f, org.springframework.security.web.authentication.AnonymousAuthenticationFilter@27df0f3d, org.springframework.security.web.session.SessionManagementFilter@2e807c54, org.springframework.security.web.access.ExceptionTranslationFilter@3e104d4b]

2023-06-18 10:20:50,534 INFO Initializing ExecutorService 'taskScheduler'

2023-06-18 10:20:50,548 INFO Exposing 16 endpoint(s) beneath base path '/actuator'

2023-06-18 10:20:50,660 INFO Tomcat started on port(s): 8848 (http) with context path '/nacos'

2023-06-18 10:20:50,666 INFO Started Nacos in 8.266 seconds (JVM running for 8.891)

2023-06-18 10:20:50,668 INFO Nacos started successfully in stand alone mode. use embedded storage

2023-06-18 10:20:55,688 INFO Initializing Spring DispatcherServlet 'dispatcherServlet'

2023-06-18 10:20:55,691 INFO Initializing Servlet 'dispatcherServlet'

2023-06-18 10:20:55,701 INFO Completed initialization in 8 ms

2023-06-18 10:24:10,831 INFO Get Push config from env, PushConfig{pushTaskDelay=500, pushTaskTimeout=5000, pushTaskRetryDelay=1000}

2023-06-18 10:24:14,157 INFO Get NamingClient config from env, ClientConfig{clientExpiredTime=180000}

2023-06-18 10:30:48,493 WARN clearConfigHistory start

2023-06-18 10:30:48,506 INFO [capacityManagement] start correct usage

2023-06-18 10:30:48,538 INFO [capacityManagement] end correct usage, cost: 0s

2023-06-18 10:40:48,601 WARN clearConfigHistory start

2023-06-18 10:40:48,604 INFO [capacityManagement] start correct usage

2023-06-18 10:40:48,632 INFO [capacityManagement] end correct usage, cost: 0s

2023-06-18 10:50:48,635 WARN clearConfigHistory start

2023-06-18 10:50:48,638 INFO [capacityManagement] start correct usage

2023-06-18 10:50:48,661 INFO [capacityManagement] end correct usage, cost: 0s

2023-06-18 12:07:19,817 WARN clearConfigHistory start

2023-06-18 12:07:19,819 INFO [capacityManagement] start correct usage

2023-06-18 12:07:19,841 INFO [capacityManagement] end correct usage, cost: 0s

2023-06-18 13:13:20,125 WARN [ThreadPoolManager] Start destroying ThreadPool

2023-06-18 13:13:20,127 WARN [HttpClientBeanHolder] Start destroying common HttpClient

2023-06-18 13:13:20,140 INFO Shutting down ExecutorService 'taskScheduler'

2023-06-18 13:13:20,128 WARN [WatchFileCenter] start close

2023-06-18 13:13:20,146 WARN [WatchFileCenter] start to shutdown this watcher which is watch : /home/nacos/data/tps

2023-06-18 13:13:20,126 WARN [NotifyCenter] Start destroying Publisher

2023-06-18 13:13:20,150 WARN [WatchFileCenter] start to shutdown this watcher which is watch : /home/nacos/conf

2023-06-18 13:13:20,126 WARN [ConfigServer-HttpClientManager] Start destroying NacosRestTemplate

2023-06-18 13:13:20,147 WARN [HttpClientBeanHolder] Destruction of the end

2023-06-18 13:13:20,150 WARN [NotifyCenter] Destruction of the end

2023-06-18 13:13:20,151 WARN [WatchFileCenter] start to shutdown this watcher which is watch : /home/nacos/data/loader

2023-06-18 13:13:20,151 INFO Shutting down ExecutorService 'applicationTaskExecutor'

2023-06-18 13:13:20,154 WARN [ConfigServer-HttpClientManager] Destruction of the end

2023-06-18 13:13:20,156 WARN [WatchFileCenter] already closed

2023-06-18 13:13:22,297 WARN [ThreadPoolManager] Destruction of the end

2023-06-18 14:19:35,286 INFO Starting Nacos v2.0.3 on d645b6ce0d72 with PID 1 (/home/nacos/target/nacos-server.jar started by root in /home/nacos)

2023-06-18 14:19:35,287 INFO The following profiles are active: standalone

2023-06-18 14:19:37,734 INFO Bean 'org.springframework.security.access.expression.method.DefaultMethodSecurityExpressionHandler@721eb7df' of type [org.springframework.security.access.expression.method.DefaultMethodSecurityExpressionHandler] is not eligible for getting processed by all BeanPostProcessors (for example: not eligible for auto-proxying)

2023-06-18 14:19:37,741 INFO Bean 'methodSecurityMetadataSource' of type [org.springframework.security.access.method.DelegatingMethodSecurityMetadataSource] is not eligible for getting processed by all BeanPostProcessors (for example: not eligible for auto-proxying)

2023-06-18 14:19:37,958 INFO Tomcat initialized with port(s): 8848 (http)

2023-06-18 14:19:37,984 INFO Starting service [Tomcat]

2023-06-18 14:19:37,986 INFO Starting Servlet engine: [Apache Tomcat/9.0.38]

2023-06-18 14:19:38,180 INFO At least one JAR was scanned for TLDs yet contained no TLDs. Enable debug logging for this logger for a complete list of JARs that were scanned but no TLDs were found in them. Skipping unneeded JARs during scanning can improve startup time and JSP compilation time.

2023-06-18 14:19:38,211 INFO Initializing Spring embedded WebApplicationContext

2023-06-18 14:19:38,212 INFO Root WebApplicationContext: initialization completed in 2877 ms

2023-06-18 14:19:38,511 INFO HikariPool-1 - Starting...

2023-06-18 14:19:38,515 WARN Registered driver with driverClassName=org.apache.derby.jdbc.EmbeddedDriver was not found, trying direct instantiation.

2023-06-18 14:19:38,933 INFO HikariPool-1 - Driver does not support get/set network timeout for connections. (Feature not implemented: No details.)

2023-06-18 14:19:38,937 INFO HikariPool-1 - Start completed.

2023-06-18 14:19:39,460 INFO Nacos-related cluster resource initialization

2023-06-18 14:19:39,469 INFO The cluster resource is initialized

2023-06-18 14:19:39,492 INFO Get Distro config from env, DistroConfig{syncDelayMillis=1000, syncTimeoutMillis=3000, syncRetryDelayMillis=3000, verifyIntervalMillis=5000, verifyTimeoutMillis=3000, loadDataRetryDelayMillis=30000}

2023-06-18 14:19:39,771 INFO Reflections took 24 ms to scan 1 urls, producing 5 keys and 10 values 

2023-06-18 14:19:39,793 INFO Reflections took 3 ms to scan 1 urls, producing 4 keys and 23 values 

2023-06-18 14:19:39,802 INFO Reflections took 3 ms to scan 1 urls, producing 5 keys and 19 values 

2023-06-18 14:19:39,811 INFO Reflections took 1 ms to scan 1 urls, producing 2 keys and 12 values 

2023-06-18 14:19:40,286 INFO Reflections took 22 ms to scan 2 urls, producing 3 keys and 6 values 

2023-06-18 14:19:40,310 INFO Reflections took 21 ms to scan 2 urls, producing 4 keys and 9 values 

2023-06-18 14:19:40,332 INFO Reflections took 20 ms to scan 2 urls, producing 3 keys and 10 values 

2023-06-18 14:19:40,337 INFO Reflections took 1 ms to scan 1 urls, producing 2 keys and 2 values 

2023-06-18 14:19:40,358 INFO Reflections took 19 ms to scan 2 urls, producing 1 keys and 5 values 

2023-06-18 14:19:40,379 INFO Reflections took 19 ms to scan 2 urls, producing 1 keys and 7 values 

2023-06-18 14:19:40,400 INFO Reflections took 19 ms to scan 2 urls, producing 2 keys and 8 values 

2023-06-18 14:19:40,408 INFO Reflections took 2 ms to scan 1 urls, producing 1 keys and 1 values 

2023-06-18 14:19:41,503 INFO Initializing ExecutorService 'applicationTaskExecutor'

2023-06-18 14:19:41,580 INFO Adding welcome page: class path resource [static/index.html]

2023-06-18 14:19:41,843 INFO Creating filter chain: Ant [pattern='/**'], []

2023-06-18 14:19:41,866 INFO Creating filter chain: any request, [org.springframework.security.web.context.request.async.WebAsyncManagerIntegrationFilter@66213a0d, org.springframework.security.web.context.SecurityContextPersistenceFilter@692e028d, org.springframework.security.web.header.HeaderWriterFilter@2b8bd798, org.springframework.security.web.csrf.CsrfFilter@2e807c54, org.springframework.security.web.authentication.logout.LogoutFilter@1835d3ed, org.springframework.security.web.savedrequest.RequestCacheAwareFilter@43e1692f, org.springframework.security.web.servletapi.SecurityContextHolderAwareRequestFilter@c35af2a, org.springframework.security.web.authentication.AnonymousAuthenticationFilter@aa4d8cc, org.springframework.security.web.session.SessionManagementFilter@39c385d6, org.springframework.security.web.access.ExceptionTranslationFilter@242a209e]

2023-06-18 14:19:41,932 INFO Initializing ExecutorService 'taskScheduler'

2023-06-18 14:19:41,952 INFO Exposing 16 endpoint(s) beneath base path '/actuator'

2023-06-18 14:19:42,054 INFO Tomcat started on port(s): 8848 (http) with context path '/nacos'

2023-06-18 14:19:42,060 INFO Started Nacos in 7.692 seconds (JVM running for 8.402)

2023-06-18 14:19:42,061 INFO Nacos started successfully in stand alone mode. use embedded storage

2023-06-18 14:19:52,744 INFO Initializing Spring DispatcherServlet 'dispatcherServlet'

2023-06-18 14:19:52,746 INFO Initializing Servlet 'dispatcherServlet'

2023-06-18 14:19:52,757 INFO Completed initialization in 8 ms

2023-06-18 14:20:33,140 INFO Get Push config from env, PushConfig{pushTaskDelay=500, pushTaskTimeout=5000, pushTaskRetryDelay=1000}

2023-06-18 14:20:35,669 INFO Get NamingClient config from env, ClientConfig{clientExpiredTime=180000}

2023-06-18 14:29:40,121 WARN clearConfigHistory start

2023-06-18 14:29:40,139 INFO [capacityManagement] start correct usage

2023-06-18 14:29:40,168 INFO [capacityManagement] end correct usage, cost: 0s

