2023-06-18 10:20:47,896 INFO raft peers changed: [Member{ip='37c05bbeac86', port=8848, state=UP, extendInfo={raftPort=7848, version=2.0.3}}]

2023-06-18 10:20:47,921 INFO initializing Raft sub-system

2023-06-18 10:20:47,921 INFO finish loading all datums, size: 0 cost 0 ms.

2023-06-18 10:20:47,922 INFO cache loaded, datum count: 0, current term: 0

2023-06-18 10:20:47,922 INFO finish to load data from disk, cost: 1 ms.

2023-06-18 10:20:47,925 INFO timer started: leader timeout ms: 15000, heart-beat timeout ms: 5000

2023-06-18 10:20:47,992 INFO add listener: com.alibaba.nacos.naming.domains.meta.

2023-06-18 10:20:48,278 INFO add listener: com.alibaba.nacos.naming.domains.meta.00-00---000-NACOS_SWITCH_DOMAIN-000---00-00

2023-06-18 10:20:50,952 INFO leader timeout, start voting,leader: {"ip":"37c05bbeac86:8848","term":0,"leaderDueMs":19290,"heartbeatDueMs":4500,"state":"FOLLOWER"}, term: 0

2023-06-18 10:20:52,920 WARN start to close old raft protocol!!!

2023-06-18 10:20:52,921 WARN stop old raft protocol task for notifier

2023-06-18 10:20:52,921 WARN stop old raft protocol task for master task

2023-06-18 10:20:52,921 WARN stop old raft protocol task for heartbeat task

2023-06-18 10:20:52,921 WARN clean old cache datum for old raft

2023-06-18 10:20:52,921 WARN start to close old raft protocol!!!

2023-06-18 10:20:52,921 WARN stop old raft protocol task for notifier

2023-06-18 10:20:52,921 WARN stop old raft protocol task for master task

2023-06-18 10:20:52,921 WARN stop old raft protocol task for heartbeat task

2023-06-18 10:20:52,921 WARN clean old cache datum for old raft

2023-06-18 10:20:52,921 WARN start to move old raft protocol metadata

2023-06-18 10:20:52,923 WARN start to move old raft protocol metadata

2023-06-18 14:19:39,488 INFO raft peers changed: [Member{ip='d645b6ce0d72', port=8848, state=UP, extendInfo={raftPort=7848, version=2.0.3}}]

2023-06-18 14:19:39,505 INFO initializing Raft sub-system

2023-06-18 14:19:39,505 INFO finish loading all datums, size: 0 cost 0 ms.

2023-06-18 14:19:39,505 INFO cache loaded, datum count: 0, current term: 0

2023-06-18 14:19:39,505 INFO finish to load data from disk, cost: 0 ms.

2023-06-18 14:19:39,508 INFO timer started: leader timeout ms: 15000, heart-beat timeout ms: 5000

2023-06-18 14:19:39,583 INFO add listener: com.alibaba.nacos.naming.domains.meta.

2023-06-18 14:19:39,866 INFO add listener: com.alibaba.nacos.naming.domains.meta.00-00---000-NACOS_SWITCH_DOMAIN-000---00-00

2023-06-18 14:19:41,046 INFO leader timeout, start voting,leader: {"ip":"d645b6ce0d72:8848","term":0,"leaderDueMs":17366,"heartbeatDueMs":5000,"state":"FOLLOWER"}, term: 0

2023-06-18 14:19:44,503 WARN start to close old raft protocol!!!

2023-06-18 14:19:44,503 WARN stop old raft protocol task for notifier

2023-06-18 14:19:44,503 WARN stop old raft protocol task for master task

2023-06-18 14:19:44,503 WARN stop old raft protocol task for heartbeat task

2023-06-18 14:19:44,503 WARN clean old cache datum for old raft

2023-06-18 14:19:44,503 WARN start to close old raft protocol!!!

2023-06-18 14:19:44,504 WARN stop old raft protocol task for notifier

2023-06-18 14:19:44,504 WARN stop old raft protocol task for master task

2023-06-18 14:19:44,504 WARN stop old raft protocol task for heartbeat task

2023-06-18 14:19:44,504 WARN clean old cache datum for old raft

2023-06-18 14:19:44,504 WARN start to move old raft protocol metadata

2023-06-18 14:19:44,507 WARN start to move old raft protocol metadata

