2023-06-18 10:21:19,057 INFO PERFORMANCE:|serviceCount|ipCount|subscribeCount|maxPushCost|avgPushCost|totalPushCount|failPushCount

2023-06-18 10:21:19,088 INFO DISTRO:|V1SyncDone|V1SyncFail|V2SyncDone|V2SyncFail|V2VerifyFail|

2023-06-18 10:21:19,092 INFO PERFORMANCE:|0|0|0|-1|-1|0|0

2023-06-18 10:21:19,097 INFO Task worker status: 
naming_0%4, pending tasks: 0
naming_1%4, pending tasks: 0
naming_2%4, pending tasks: 0
naming_3%4, pending tasks: 0


2023-06-18 10:21:19,098 INFO DISTRO:|0|0|0|0|0|

2023-06-18 10:22:19,102 INFO PERFORMANCE:|0|0|0|-1|-1|0|0

2023-06-18 10:22:19,122 INFO Task worker status: 
naming_0%4, pending tasks: 0
naming_1%4, pending tasks: 0
naming_2%4, pending tasks: 0
naming_3%4, pending tasks: 0


2023-06-18 10:22:19,127 INFO DISTRO:|0|0|0|0|0|

2023-06-18 10:23:19,128 INFO PERFORMANCE:|0|0|0|-1|-1|0|0

2023-06-18 10:23:19,134 INFO Task worker status: 
naming_0%4, pending tasks: 0
naming_1%4, pending tasks: 0
naming_2%4, pending tasks: 0
naming_3%4, pending tasks: 0


2023-06-18 10:23:19,141 INFO DISTRO:|0|0|0|0|0|

2023-06-18 10:24:19,145 INFO PERFORMANCE:|2|2|1|-1|-1|0|0

2023-06-18 10:24:19,165 INFO Task worker status: 
naming_0%4, pending tasks: 0
naming_1%4, pending tasks: 0
naming_2%4, pending tasks: 0
naming_3%4, pending tasks: 0


2023-06-18 10:24:19,172 INFO DISTRO:|0|0|0|0|0|

2023-06-18 10:25:19,183 INFO PERFORMANCE:|2|2|1|-1|-1|0|1

2023-06-18 10:25:19,206 INFO Task worker status: 
naming_0%4, pending tasks: 0
naming_1%4, pending tasks: 0
naming_2%4, pending tasks: 0
naming_3%4, pending tasks: 0


2023-06-18 10:25:19,210 INFO DISTRO:|0|0|0|0|0|

2023-06-18 10:26:19,219 INFO PERFORMANCE:|2|2|1|-1|-1|0|1

2023-06-18 10:26:19,226 INFO Task worker status: 
naming_0%4, pending tasks: 0
naming_1%4, pending tasks: 0
naming_2%4, pending tasks: 0
naming_3%4, pending tasks: 0


2023-06-18 10:26:19,232 INFO DISTRO:|0|0|0|0|0|

2023-06-18 10:27:19,234 INFO PERFORMANCE:|2|2|1|-1|-1|0|1

2023-06-18 10:27:19,258 INFO Task worker status: 
naming_0%4, pending tasks: 0
naming_1%4, pending tasks: 0
naming_2%4, pending tasks: 0
naming_3%4, pending tasks: 0


2023-06-18 10:27:19,262 INFO DISTRO:|0|0|0|0|0|

2023-06-18 10:28:19,266 INFO PERFORMANCE:|2|2|1|-1|-1|0|1

2023-06-18 10:28:19,281 INFO Task worker status: 
naming_0%4, pending tasks: 0
naming_1%4, pending tasks: 0
naming_2%4, pending tasks: 0
naming_3%4, pending tasks: 0


2023-06-18 10:28:19,291 INFO DISTRO:|0|0|0|0|0|

2023-06-18 10:29:19,290 INFO PERFORMANCE:|2|2|1|-1|-1|0|1

2023-06-18 10:29:19,315 INFO Task worker status: 
naming_0%4, pending tasks: 0
naming_1%4, pending tasks: 0
naming_2%4, pending tasks: 0
naming_3%4, pending tasks: 0


2023-06-18 10:29:19,318 INFO DISTRO:|0|0|0|0|0|

2023-06-18 10:30:19,325 INFO PERFORMANCE:|2|2|1|-1|-1|0|1

2023-06-18 10:30:19,333 INFO Task worker status: 
naming_0%4, pending tasks: 0
naming_1%4, pending tasks: 0
naming_2%4, pending tasks: 0
naming_3%4, pending tasks: 0


2023-06-18 10:30:19,339 INFO DISTRO:|0|0|0|0|0|

2023-06-18 10:31:19,344 INFO PERFORMANCE:|serviceCount|ipCount|subscribeCount|maxPushCost|avgPushCost|totalPushCount|failPushCount

2023-06-18 10:31:19,351 INFO DISTRO:|V1SyncDone|V1SyncFail|V2SyncDone|V2SyncFail|V2VerifyFail|

2023-06-18 10:31:19,353 INFO PERFORMANCE:|2|2|1|-1|-1|0|1

2023-06-18 10:31:19,355 INFO Task worker status: 
naming_0%4, pending tasks: 0
naming_1%4, pending tasks: 0
naming_2%4, pending tasks: 0
naming_3%4, pending tasks: 0


2023-06-18 10:31:19,356 INFO DISTRO:|0|0|0|0|0|

2023-06-18 10:32:19,352 INFO PERFORMANCE:|2|2|1|-1|-1|0|1

2023-06-18 10:32:19,356 INFO Task worker status: 
naming_0%4, pending tasks: 0
naming_1%4, pending tasks: 0
naming_2%4, pending tasks: 0
naming_3%4, pending tasks: 0


2023-06-18 10:32:19,358 INFO DISTRO:|0|0|0|0|0|

2023-06-18 10:33:19,365 INFO PERFORMANCE:|2|2|1|-1|-1|0|1

2023-06-18 10:33:19,369 INFO Task worker status: 
naming_0%4, pending tasks: 0
naming_1%4, pending tasks: 0
naming_2%4, pending tasks: 0
naming_3%4, pending tasks: 0


2023-06-18 10:33:19,370 INFO DISTRO:|0|0|0|0|0|

2023-06-18 10:34:19,367 INFO PERFORMANCE:|2|2|1|-1|-1|0|1

2023-06-18 10:34:19,372 INFO Task worker status: 
naming_0%4, pending tasks: 0
naming_1%4, pending tasks: 0
naming_2%4, pending tasks: 0
naming_3%4, pending tasks: 0


2023-06-18 10:34:19,374 INFO DISTRO:|0|0|0|0|0|

2023-06-18 10:35:19,443 INFO PERFORMANCE:|2|2|1|-1|-1|0|1

2023-06-18 10:35:19,447 INFO Task worker status: 
naming_0%4, pending tasks: 0
naming_1%4, pending tasks: 0
naming_2%4, pending tasks: 0
naming_3%4, pending tasks: 0


2023-06-18 10:35:19,448 INFO DISTRO:|0|0|0|0|0|

2023-06-18 10:36:19,450 INFO PERFORMANCE:|2|2|1|-1|-1|0|1

2023-06-18 10:36:19,454 INFO Task worker status: 
naming_0%4, pending tasks: 0
naming_1%4, pending tasks: 0
naming_2%4, pending tasks: 0
naming_3%4, pending tasks: 0


2023-06-18 10:36:19,456 INFO DISTRO:|0|0|0|0|0|

2023-06-18 10:37:19,458 INFO PERFORMANCE:|2|2|1|-1|-1|0|1

2023-06-18 10:37:19,462 INFO Task worker status: 
naming_0%4, pending tasks: 0
naming_1%4, pending tasks: 0
naming_2%4, pending tasks: 0
naming_3%4, pending tasks: 0


2023-06-18 10:37:19,463 INFO DISTRO:|0|0|0|0|0|

2023-06-18 10:38:19,468 INFO PERFORMANCE:|2|2|1|-1|-1|0|1

2023-06-18 10:38:19,471 INFO Task worker status: 
naming_0%4, pending tasks: 0
naming_1%4, pending tasks: 0
naming_2%4, pending tasks: 0
naming_3%4, pending tasks: 0


2023-06-18 10:38:19,474 INFO DISTRO:|0|0|0|0|0|

2023-06-18 10:39:19,476 INFO PERFORMANCE:|2|2|1|-1|-1|0|1

2023-06-18 10:39:19,494 INFO Task worker status: 
naming_0%4, pending tasks: 0
naming_1%4, pending tasks: 0
naming_2%4, pending tasks: 0
naming_3%4, pending tasks: 0


2023-06-18 10:39:19,497 INFO DISTRO:|0|0|0|0|0|

2023-06-18 10:40:19,506 INFO PERFORMANCE:|2|2|1|-1|-1|0|1

2023-06-18 10:40:19,527 INFO Task worker status: 
naming_0%4, pending tasks: 0
naming_1%4, pending tasks: 0
naming_2%4, pending tasks: 0
naming_3%4, pending tasks: 0


2023-06-18 10:40:19,534 INFO DISTRO:|0|0|0|0|0|

2023-06-18 10:41:19,535 INFO PERFORMANCE:|serviceCount|ipCount|subscribeCount|maxPushCost|avgPushCost|totalPushCount|failPushCount

2023-06-18 10:41:19,550 INFO DISTRO:|V1SyncDone|V1SyncFail|V2SyncDone|V2SyncFail|V2VerifyFail|

2023-06-18 10:41:19,559 INFO PERFORMANCE:|2|2|1|-1|-1|0|1

2023-06-18 10:41:19,566 INFO Task worker status: 
naming_0%4, pending tasks: 0
naming_1%4, pending tasks: 0
naming_2%4, pending tasks: 0
naming_3%4, pending tasks: 0


2023-06-18 10:41:19,568 INFO DISTRO:|0|0|0|0|0|

2023-06-18 10:42:19,570 INFO PERFORMANCE:|2|2|1|-1|-1|0|1

2023-06-18 10:42:19,574 INFO Task worker status: 
naming_0%4, pending tasks: 0
naming_1%4, pending tasks: 0
naming_2%4, pending tasks: 0
naming_3%4, pending tasks: 0


2023-06-18 10:42:19,577 INFO DISTRO:|0|0|0|0|0|

2023-06-18 10:43:19,583 INFO PERFORMANCE:|2|2|1|-1|-1|0|1

2023-06-18 10:43:19,589 INFO Task worker status: 
naming_0%4, pending tasks: 0
naming_1%4, pending tasks: 0
naming_2%4, pending tasks: 0
naming_3%4, pending tasks: 0


2023-06-18 10:43:19,591 INFO DISTRO:|0|0|0|0|0|

2023-06-18 10:44:19,595 INFO PERFORMANCE:|2|2|1|-1|-1|0|1

2023-06-18 10:44:19,601 INFO Task worker status: 
naming_0%4, pending tasks: 0
naming_1%4, pending tasks: 0
naming_2%4, pending tasks: 0
naming_3%4, pending tasks: 0


2023-06-18 10:44:19,605 INFO DISTRO:|0|0|0|0|0|

2023-06-18 10:45:19,611 INFO PERFORMANCE:|2|2|1|-1|-1|0|1

2023-06-18 10:45:19,616 INFO Task worker status: 
naming_0%4, pending tasks: 0
naming_1%4, pending tasks: 0
naming_2%4, pending tasks: 0
naming_3%4, pending tasks: 0


2023-06-18 10:45:19,617 INFO DISTRO:|0|0|0|0|0|

2023-06-18 10:46:19,620 INFO PERFORMANCE:|2|2|1|-1|-1|0|1

2023-06-18 10:46:19,623 INFO Task worker status: 
naming_0%4, pending tasks: 0
naming_1%4, pending tasks: 0
naming_2%4, pending tasks: 0
naming_3%4, pending tasks: 0


2023-06-18 10:46:19,625 INFO DISTRO:|0|0|0|0|0|

2023-06-18 10:47:19,629 INFO PERFORMANCE:|2|2|1|-1|-1|0|1

2023-06-18 10:47:19,636 INFO Task worker status: 
naming_0%4, pending tasks: 0
naming_1%4, pending tasks: 0
naming_2%4, pending tasks: 0
naming_3%4, pending tasks: 0


2023-06-18 10:47:19,638 INFO DISTRO:|0|0|0|0|0|

2023-06-18 10:48:19,642 INFO PERFORMANCE:|2|2|1|-1|-1|0|1

2023-06-18 10:48:19,653 INFO Task worker status: 
naming_0%4, pending tasks: 0
naming_1%4, pending tasks: 0
naming_2%4, pending tasks: 0
naming_3%4, pending tasks: 0


2023-06-18 10:48:19,658 INFO DISTRO:|0|0|0|0|0|

2023-06-18 10:49:19,664 INFO PERFORMANCE:|2|2|1|-1|-1|0|1

2023-06-18 10:49:19,667 INFO Task worker status: 
naming_0%4, pending tasks: 0
naming_1%4, pending tasks: 0
naming_2%4, pending tasks: 0
naming_3%4, pending tasks: 0


2023-06-18 10:49:19,669 INFO DISTRO:|0|0|0|0|0|

2023-06-18 10:50:19,674 INFO PERFORMANCE:|2|2|1|-1|-1|0|1

2023-06-18 10:50:19,685 INFO Task worker status: 
naming_0%4, pending tasks: 0
naming_1%4, pending tasks: 0
naming_2%4, pending tasks: 0
naming_3%4, pending tasks: 0


2023-06-18 10:50:19,691 INFO DISTRO:|0|0|0|0|0|

2023-06-18 10:51:19,693 INFO PERFORMANCE:|serviceCount|ipCount|subscribeCount|maxPushCost|avgPushCost|totalPushCount|failPushCount

2023-06-18 10:51:19,706 INFO DISTRO:|V1SyncDone|V1SyncFail|V2SyncDone|V2SyncFail|V2VerifyFail|

2023-06-18 10:51:19,711 INFO PERFORMANCE:|2|2|1|-1|-1|0|1

2023-06-18 10:51:19,717 INFO Task worker status: 
naming_0%4, pending tasks: 0
naming_1%4, pending tasks: 0
naming_2%4, pending tasks: 0
naming_3%4, pending tasks: 0


2023-06-18 10:51:19,719 INFO DISTRO:|0|0|0|0|0|

2023-06-18 10:52:19,729 INFO PERFORMANCE:|2|2|1|-1|-1|0|1

2023-06-18 10:52:19,743 INFO Task worker status: 
naming_0%4, pending tasks: 0
naming_1%4, pending tasks: 0
naming_2%4, pending tasks: 0
naming_3%4, pending tasks: 0


2023-06-18 10:52:19,752 INFO DISTRO:|0|0|0|0|0|

2023-06-18 11:59:50,918 INFO PERFORMANCE:|2|2|1|-1|-1|0|3

2023-06-18 11:59:50,931 INFO Task worker status: 
naming_0%4, pending tasks: 0
naming_1%4, pending tasks: 0
naming_2%4, pending tasks: 0
naming_3%4, pending tasks: 0


2023-06-18 11:59:50,933 INFO DISTRO:|0|0|0|0|0|

2023-06-18 12:00:50,941 INFO PERFORMANCE:|2|2|1|-1|-1|0|3

2023-06-18 12:00:50,953 INFO Task worker status: 
naming_0%4, pending tasks: 0
naming_1%4, pending tasks: 0
naming_2%4, pending tasks: 0
naming_3%4, pending tasks: 0


2023-06-18 12:00:50,960 INFO DISTRO:|0|0|0|0|0|

2023-06-18 12:01:50,956 INFO PERFORMANCE:|2|2|1|-1|-1|0|3

2023-06-18 12:01:50,977 INFO Task worker status: 
naming_0%4, pending tasks: 0
naming_1%4, pending tasks: 0
naming_2%4, pending tasks: 0
naming_3%4, pending tasks: 0


2023-06-18 12:01:50,980 INFO DISTRO:|0|0|0|0|0|

2023-06-18 12:02:50,989 INFO PERFORMANCE:|2|2|1|-1|-1|0|3

2023-06-18 12:02:50,994 INFO Task worker status: 
naming_0%4, pending tasks: 0
naming_1%4, pending tasks: 0
naming_2%4, pending tasks: 0
naming_3%4, pending tasks: 0


2023-06-18 12:02:50,996 INFO DISTRO:|0|0|0|0|0|

2023-06-18 12:03:50,999 INFO PERFORMANCE:|2|2|1|-1|-1|0|3

2023-06-18 12:03:51,022 INFO Task worker status: 
naming_0%4, pending tasks: 0
naming_1%4, pending tasks: 0
naming_2%4, pending tasks: 0
naming_3%4, pending tasks: 0


2023-06-18 12:03:51,024 INFO DISTRO:|0|0|0|0|0|

2023-06-18 12:04:51,028 INFO PERFORMANCE:|2|2|1|-1|-1|0|3

2023-06-18 12:04:51,052 INFO Task worker status: 
naming_0%4, pending tasks: 0
naming_1%4, pending tasks: 0
naming_2%4, pending tasks: 0
naming_3%4, pending tasks: 0


2023-06-18 12:04:51,057 INFO DISTRO:|0|0|0|0|0|

2023-06-18 12:05:51,063 INFO PERFORMANCE:|2|2|1|-1|-1|0|3

2023-06-18 12:05:51,067 INFO Task worker status: 
naming_0%4, pending tasks: 0
naming_1%4, pending tasks: 0
naming_2%4, pending tasks: 0
naming_3%4, pending tasks: 0


2023-06-18 12:05:51,068 INFO DISTRO:|0|0|0|0|0|

2023-06-18 12:06:51,073 INFO PERFORMANCE:|2|2|1|-1|-1|0|3

2023-06-18 12:06:51,092 INFO Task worker status: 
naming_0%4, pending tasks: 0
naming_1%4, pending tasks: 0
naming_2%4, pending tasks: 0
naming_3%4, pending tasks: 0


2023-06-18 12:06:51,100 INFO DISTRO:|0|0|0|0|0|

2023-06-18 12:51:45,613 INFO PERFORMANCE:|serviceCount|ipCount|subscribeCount|maxPushCost|avgPushCost|totalPushCount|failPushCount

2023-06-18 12:51:45,630 INFO DISTRO:|V1SyncDone|V1SyncFail|V2SyncDone|V2SyncFail|V2VerifyFail|

2023-06-18 12:51:45,633 INFO PERFORMANCE:|2|2|1|-1|-1|0|3

2023-06-18 12:51:45,638 INFO Task worker status: 
naming_0%4, pending tasks: 0
naming_1%4, pending tasks: 0
naming_2%4, pending tasks: 0
naming_3%4, pending tasks: 0


2023-06-18 12:51:45,643 INFO DISTRO:|0|0|0|0|0|

2023-06-18 12:52:45,644 INFO PERFORMANCE:|2|2|1|-1|-1|0|4

2023-06-18 12:52:45,667 INFO Task worker status: 
naming_0%4, pending tasks: 0
naming_1%4, pending tasks: 0
naming_2%4, pending tasks: 0
naming_3%4, pending tasks: 0


2023-06-18 12:52:45,673 INFO DISTRO:|0|0|0|0|0|

2023-06-18 13:12:55,455 INFO PERFORMANCE:|2|2|1|-1|-1|0|5

2023-06-18 13:12:55,464 INFO Task worker status: 
naming_0%4, pending tasks: 0
naming_1%4, pending tasks: 0
naming_2%4, pending tasks: 0
naming_3%4, pending tasks: 0


2023-06-18 13:12:55,481 INFO DISTRO:|0|0|0|0|0|

2023-06-18 14:20:10,633 INFO PERFORMANCE:|serviceCount|ipCount|subscribeCount|maxPushCost|avgPushCost|totalPushCount|failPushCount

2023-06-18 14:20:10,636 INFO DISTRO:|V1SyncDone|V1SyncFail|V2SyncDone|V2SyncFail|V2VerifyFail|

2023-06-18 14:20:10,637 INFO PERFORMANCE:|0|0|0|-1|-1|0|0

2023-06-18 14:20:10,640 INFO Task worker status: 
naming_0%4, pending tasks: 0
naming_1%4, pending tasks: 0
naming_2%4, pending tasks: 0
naming_3%4, pending tasks: 0


2023-06-18 14:20:10,642 INFO DISTRO:|0|0|0|0|0|

2023-06-18 14:21:10,648 INFO PERFORMANCE:|2|1|1|-1|-1|0|1

2023-06-18 14:21:10,652 INFO Task worker status: 
naming_0%4, pending tasks: 0
naming_1%4, pending tasks: 0
naming_2%4, pending tasks: 0
naming_3%4, pending tasks: 0


2023-06-18 14:21:10,654 INFO DISTRO:|0|0|0|0|0|

2023-06-18 14:22:10,657 INFO PERFORMANCE:|2|2|1|-1|-1|0|2

2023-06-18 14:22:10,664 INFO Task worker status: 
naming_0%4, pending tasks: 0
naming_1%4, pending tasks: 0
naming_2%4, pending tasks: 0
naming_3%4, pending tasks: 0


2023-06-18 14:22:10,668 INFO DISTRO:|0|0|0|0|0|

2023-06-18 14:23:10,674 INFO PERFORMANCE:|2|1|0|-1|-1|0|4

2023-06-18 14:23:10,681 INFO Task worker status: 
naming_0%4, pending tasks: 0
naming_1%4, pending tasks: 0
naming_2%4, pending tasks: 0
naming_3%4, pending tasks: 0


2023-06-18 14:23:10,683 INFO DISTRO:|0|0|0|0|0|

2023-06-18 14:24:10,686 INFO PERFORMANCE:|2|2|1|-1|-1|0|5

2023-06-18 14:24:10,689 INFO Task worker status: 
naming_0%4, pending tasks: 0
naming_1%4, pending tasks: 0
naming_2%4, pending tasks: 0
naming_3%4, pending tasks: 0


2023-06-18 14:24:10,691 INFO DISTRO:|0|0|0|0|0|

2023-06-18 14:25:10,694 INFO PERFORMANCE:|2|2|1|-1|-1|0|5

2023-06-18 14:25:10,704 INFO Task worker status: 
naming_0%4, pending tasks: 0
naming_1%4, pending tasks: 0
naming_2%4, pending tasks: 0
naming_3%4, pending tasks: 0


2023-06-18 14:25:10,706 INFO DISTRO:|0|0|0|0|0|

2023-06-18 14:26:10,709 INFO PERFORMANCE:|2|2|1|-1|-1|0|5

2023-06-18 14:26:10,714 INFO Task worker status: 
naming_0%4, pending tasks: 0
naming_1%4, pending tasks: 0
naming_2%4, pending tasks: 0
naming_3%4, pending tasks: 0


2023-06-18 14:26:10,718 INFO DISTRO:|0|0|0|0|0|

2023-06-18 14:27:10,727 INFO PERFORMANCE:|2|2|2|-1|-1|0|6

2023-06-18 14:27:10,732 INFO Task worker status: 
naming_0%4, pending tasks: 0
naming_1%4, pending tasks: 0
naming_2%4, pending tasks: 0
naming_3%4, pending tasks: 0


2023-06-18 14:27:10,733 INFO DISTRO:|0|0|0|0|0|

2023-06-18 14:28:10,738 INFO PERFORMANCE:|2|2|1|-1|-1|0|8

2023-06-18 14:28:10,743 INFO Task worker status: 
naming_0%4, pending tasks: 0
naming_1%4, pending tasks: 0
naming_2%4, pending tasks: 0
naming_3%4, pending tasks: 0


2023-06-18 14:28:10,747 INFO DISTRO:|0|0|0|0|0|

2023-06-18 14:29:10,747 INFO PERFORMANCE:|2|2|1|-1|-1|0|8

2023-06-18 14:29:10,751 INFO Task worker status: 
naming_0%4, pending tasks: 0
naming_1%4, pending tasks: 0
naming_2%4, pending tasks: 0
naming_3%4, pending tasks: 0


2023-06-18 14:29:10,752 INFO DISTRO:|0|0|0|0|0|

2023-06-18 14:30:10,757 INFO PERFORMANCE:|serviceCount|ipCount|subscribeCount|maxPushCost|avgPushCost|totalPushCount|failPushCount

2023-06-18 14:30:10,760 INFO DISTRO:|V1SyncDone|V1SyncFail|V2SyncDone|V2SyncFail|V2VerifyFail|

2023-06-18 14:30:10,763 INFO PERFORMANCE:|2|2|1|-1|-1|0|8

2023-06-18 14:30:10,764 INFO Task worker status: 
naming_0%4, pending tasks: 0
naming_1%4, pending tasks: 0
naming_2%4, pending tasks: 0
naming_3%4, pending tasks: 0


2023-06-18 14:30:10,768 INFO DISTRO:|0|0|0|0|0|

2023-06-18 14:31:10,777 INFO PERFORMANCE:|2|2|1|-1|-1|0|11

2023-06-18 14:31:10,787 INFO Task worker status: 
naming_0%4, pending tasks: 0
naming_1%4, pending tasks: 0
naming_2%4, pending tasks: 0
naming_3%4, pending tasks: 0


2023-06-18 14:31:10,791 INFO DISTRO:|0|0|0|0|0|

2023-06-18 14:32:10,795 INFO PERFORMANCE:|2|2|1|-1|-1|0|14

2023-06-18 14:32:10,818 INFO Task worker status: 
naming_0%4, pending tasks: 0
naming_1%4, pending tasks: 0
naming_2%4, pending tasks: 0
naming_3%4, pending tasks: 0


2023-06-18 14:32:10,822 INFO DISTRO:|0|0|0|0|0|

2023-06-18 14:46:26,028 INFO PERFORMANCE:|2|0|0|-1|-1|0|15

2023-06-18 14:46:26,035 INFO Task worker status: 
naming_0%4, pending tasks: 0
naming_1%4, pending tasks: 0
naming_2%4, pending tasks: 0
naming_3%4, pending tasks: 0


2023-06-18 14:46:26,037 INFO DISTRO:|0|0|0|0|0|

2023-06-18 14:47:26,039 INFO PERFORMANCE:|1|0|0|-1|-1|0|15

2023-06-18 14:47:26,046 INFO Task worker status: 
naming_0%4, pending tasks: 0
naming_1%4, pending tasks: 0
naming_2%4, pending tasks: 0
naming_3%4, pending tasks: 0


2023-06-18 14:47:26,051 INFO DISTRO:|0|0|0|0|0|

2023-06-18 14:48:40,758 INFO PERFORMANCE:|0|0|0|-1|-1|0|15

2023-06-18 14:48:40,765 INFO Task worker status: 
naming_0%4, pending tasks: 0
naming_1%4, pending tasks: 0
naming_2%4, pending tasks: 0
naming_3%4, pending tasks: 0


2023-06-18 14:48:40,767 INFO DISTRO:|0|0|0|0|0|

2023-06-18 14:49:40,774 INFO PERFORMANCE:|0|0|0|-1|-1|0|15

2023-06-18 14:49:40,787 INFO Task worker status: 
naming_0%4, pending tasks: 0
naming_1%4, pending tasks: 0
naming_2%4, pending tasks: 0
naming_3%4, pending tasks: 0


2023-06-18 14:49:40,793 INFO DISTRO:|0|0|0|0|0|

