2023-06-18 10:20:49,105 INFO Initializes the Raft protocol, raft-config info : {}

2023-06-18 10:20:49,254 INFO ========= The raft protocol is starting... =========

2023-06-18 10:20:49,272 INFO ========= The raft protocol start finished... =========

2023-06-18 10:20:49,288 INFO create raft group : naming_persistent_service_v2

2023-06-18 10:20:49,549 INFO This Raft event changes : RaftEvent{groupId='naming_persistent_service_v2', leader='37c05bbeac86:7848', term=1, raftClusterInfo=[37c05bbeac86:7848]}

2023-06-18 10:20:49,561 INFO create raft group : naming_instance_metadata

2023-06-18 10:20:49,641 INFO This Raft event changes : RaftEvent{groupId='naming_instance_metadata', leader='37c05bbeac86:7848', term=1, raftClusterInfo=[37c05bbeac86:7848]}

2023-06-18 10:20:49,644 INFO create raft group : naming_service_metadata

2023-06-18 10:20:49,724 INFO This Raft event changes : RaftEvent{groupId='naming_service_metadata', leader='37c05bbeac86:7848', term=1, raftClusterInfo=[37c05bbeac86:7848]}

2023-06-18 13:13:20,158 INFO shutdown jraft server

2023-06-18 13:13:20,162 INFO ========= The raft protocol is starting to close =========

2023-06-18 13:13:20,261 INFO ========= The raft protocol has been closed =========

2023-06-18 14:19:40,679 INFO Initializes the Raft protocol, raft-config info : {}

2023-06-18 14:19:40,813 INFO ========= The raft protocol is starting... =========

2023-06-18 14:19:40,831 INFO ========= The raft protocol start finished... =========

2023-06-18 14:19:40,849 INFO create raft group : naming_persistent_service_v2

2023-06-18 14:19:41,072 INFO This Raft event changes : RaftEvent{groupId='naming_persistent_service_v2', leader='d645b6ce0d72:7848', term=1, raftClusterInfo=[d645b6ce0d72:7848]}

2023-06-18 14:19:41,078 INFO create raft group : naming_instance_metadata

2023-06-18 14:19:41,156 INFO This Raft event changes : RaftEvent{groupId='naming_instance_metadata', leader='d645b6ce0d72:7848', term=1, raftClusterInfo=[d645b6ce0d72:7848]}

2023-06-18 14:19:41,157 INFO create raft group : naming_service_metadata

2023-06-18 14:19:41,238 INFO This Raft event changes : RaftEvent{groupId='naming_service_metadata', leader='d645b6ce0d72:7848', term=1, raftClusterInfo=[d645b6ce0d72:7848]}

