2023-06-18 10:20:48,572 INFO Init loader limit rule from local,rule=

2023-06-18 10:20:48,650 INFO [ClientConnectionEventListenerRegistry] registry listener - ConfigConnectionEventListener

2023-06-18 10:20:48,666 INFO [ClientConnectionEventListenerRegistry] registry listener - RpcAckCallbackInitorOrCleaner

2023-06-18 10:20:48,830 INFO Nacos GrpcSdkServer Rpc server starting at port 9848

2023-06-18 10:20:49,040 INFO Nacos GrpcSdkServer Rpc server started at port 9848

2023-06-18 10:20:49,044 INFO Nacos GrpcClusterServer Rpc server starting at port 9849

2023-06-18 10:20:49,046 INFO Nacos GrpcClusterServer Rpc server started at port 9849

2023-06-18 10:20:49,060 INFO [ClientConnectionEventListenerRegistry] registry listener - ConnectionBasedClientManager

2023-06-18 13:13:20,128 INFO Nacos GrpcSdkServer Rpc server stopping

2023-06-18 13:13:20,130 INFO Nacos GrpcClusterServer Rpc server stopping

2023-06-18 13:13:20,148 INFO Nacos GrpcSdkServer Rpc server stopped successfully...

2023-06-18 13:13:20,151 INFO Nacos GrpcClusterServer Rpc server stopped successfully...

2023-06-18 14:19:40,177 INFO Init loader limit rule from local,rule=

2023-06-18 14:19:40,238 INFO [ClientConnectionEventListenerRegistry] registry listener - ConfigConnectionEventListener

2023-06-18 14:19:40,252 INFO [ClientConnectionEventListenerRegistry] registry listener - RpcAckCallbackInitorOrCleaner

2023-06-18 14:19:40,421 INFO Nacos GrpcSdkServer Rpc server starting at port 9848

2023-06-18 14:19:40,617 INFO Nacos GrpcSdkServer Rpc server started at port 9848

2023-06-18 14:19:40,619 INFO Nacos GrpcClusterServer Rpc server starting at port 9849

2023-06-18 14:19:40,621 INFO Nacos GrpcClusterServer Rpc server started at port 9849

2023-06-18 14:19:40,637 INFO [ClientConnectionEventListenerRegistry] registry listener - ConnectionBasedClientManager

