2023-06-18 10:20:48,622 INFO Register tps control,pointName=CONFIG_PUSH_COUNT, point=com.alibaba.nacos.core.remote.control.TpsMonitorPoint@bb9ab64 

2023-06-18 10:20:48,632 INFO Load rule from local,pointName=CONFIG_PUSH_COUNT, ruleContent= 

2023-06-18 10:20:48,633 INFO Apply tps control rule parse start,pointName=[CONFIG_PUSH_COUNT]  

2023-06-18 10:20:48,634 INFO Clear point  control rule ,pointName=[CONFIG_PUSH_COUNT]  

2023-06-18 10:20:48,635 INFO Clear point  control rule for monitorKeys, pointName=[CONFIG_PUSH_COUNT]  

2023-06-18 10:20:48,638 INFO Register tps control,pointName=CONFIG_PUSH_SUCCESS, point=com.alibaba.nacos.core.remote.control.TpsMonitorPoint@a52ca2e 

2023-06-18 10:20:48,640 INFO Load rule from local,pointName=CONFIG_PUSH_SUCCESS, ruleContent= 

2023-06-18 10:20:48,640 INFO Apply tps control rule parse start,pointName=[CONFIG_PUSH_SUCCESS]  

2023-06-18 10:20:48,641 INFO Clear point  control rule ,pointName=[CONFIG_PUSH_SUCCESS]  

2023-06-18 10:20:48,644 INFO Clear point  control rule for monitorKeys, pointName=[CONFIG_PUSH_SUCCESS]  

2023-06-18 10:20:48,644 INFO Register tps control,pointName=CONFIG_PUSH_FAIL, point=com.alibaba.nacos.core.remote.control.TpsMonitorPoint@1ad8df52 

2023-06-18 10:20:48,645 INFO Load rule from local,pointName=CONFIG_PUSH_FAIL, ruleContent= 

2023-06-18 10:20:48,646 INFO Apply tps control rule parse start,pointName=[CONFIG_PUSH_FAIL]  

2023-06-18 10:20:48,647 INFO Clear point  control rule ,pointName=[CONFIG_PUSH_FAIL]  

2023-06-18 10:20:48,648 INFO Clear point  control rule for monitorKeys, pointName=[CONFIG_PUSH_FAIL]  

2023-06-18 10:20:48,648 INFO Load rule from local,pointName=CONFIG_PUSH_COUNT, ruleContent= 

2023-06-18 10:20:48,650 INFO Apply tps control rule parse start,pointName=[CONFIG_PUSH_COUNT]  

2023-06-18 10:20:48,652 INFO Clear point  control rule ,pointName=[CONFIG_PUSH_COUNT]  

2023-06-18 10:20:48,652 INFO Clear point  control rule for monitorKeys, pointName=[CONFIG_PUSH_COUNT]  

2023-06-18 10:20:48,654 INFO Load rule from local,pointName=CONFIG_PUSH_SUCCESS, ruleContent= 

2023-06-18 10:20:48,654 INFO Apply tps control rule parse start,pointName=[CONFIG_PUSH_SUCCESS]  

2023-06-18 10:20:48,655 INFO Clear point  control rule ,pointName=[CONFIG_PUSH_SUCCESS]  

2023-06-18 10:20:48,656 INFO Clear point  control rule for monitorKeys, pointName=[CONFIG_PUSH_SUCCESS]  

2023-06-18 10:20:48,656 INFO Load rule from local,pointName=CONFIG_PUSH_FAIL, ruleContent= 

2023-06-18 10:20:48,657 INFO Apply tps control rule parse start,pointName=[CONFIG_PUSH_FAIL]  

2023-06-18 10:20:48,658 INFO Clear point  control rule ,pointName=[CONFIG_PUSH_FAIL]  

2023-06-18 10:20:48,659 INFO Clear point  control rule for monitorKeys, pointName=[CONFIG_PUSH_FAIL]  

2023-06-18 10:20:50,592 INFO Register tps control,pointName=ConfigQuery, point=com.alibaba.nacos.core.remote.control.TpsMonitorPoint@2b10ace9 

2023-06-18 10:20:50,595 INFO Load rule from local,pointName=ConfigQuery, ruleContent= 

2023-06-18 10:20:50,596 INFO Apply tps control rule parse start,pointName=[ConfigQuery]  

2023-06-18 10:20:50,597 INFO Clear point  control rule ,pointName=[ConfigQuery]  

2023-06-18 10:20:50,598 INFO Clear point  control rule for monitorKeys, pointName=[ConfigQuery]  

2023-06-18 10:20:50,600 INFO Register tps control,pointName=ClusterConfigChangeNotify, point=com.alibaba.nacos.core.remote.control.TpsMonitorPoint@52169758 

2023-06-18 10:20:50,602 INFO Load rule from local,pointName=ClusterConfigChangeNotify, ruleContent= 

2023-06-18 10:20:50,603 INFO Apply tps control rule parse start,pointName=[ClusterConfigChangeNotify]  

2023-06-18 10:20:50,604 INFO Clear point  control rule ,pointName=[ClusterConfigChangeNotify]  

2023-06-18 10:20:50,605 INFO Clear point  control rule for monitorKeys, pointName=[ClusterConfigChangeNotify]  

2023-06-18 10:20:50,607 INFO Register tps control,pointName=ConfigListen, point=com.alibaba.nacos.core.remote.control.TpsMonitorPoint@3eda0aeb 

2023-06-18 10:20:50,608 INFO Load rule from local,pointName=ConfigListen, ruleContent= 

2023-06-18 10:20:50,609 INFO Apply tps control rule parse start,pointName=[ConfigListen]  

2023-06-18 10:20:50,611 INFO Clear point  control rule ,pointName=[ConfigListen]  

2023-06-18 10:20:50,612 INFO Clear point  control rule for monitorKeys, pointName=[ConfigListen]  

2023-06-18 10:20:50,613 INFO Register tps control,pointName=ConfigRemove, point=com.alibaba.nacos.core.remote.control.TpsMonitorPoint@459b187a 

2023-06-18 10:20:50,614 INFO Load rule from local,pointName=ConfigRemove, ruleContent= 

2023-06-18 10:20:50,614 INFO Apply tps control rule parse start,pointName=[ConfigRemove]  

2023-06-18 10:20:50,615 INFO Clear point  control rule ,pointName=[ConfigRemove]  

2023-06-18 10:20:50,616 INFO Clear point  control rule for monitorKeys, pointName=[ConfigRemove]  

2023-06-18 10:20:50,617 INFO Register tps control,pointName=ConfigPublish, point=com.alibaba.nacos.core.remote.control.TpsMonitorPoint@6b4283c4 

2023-06-18 10:20:50,618 INFO Load rule from local,pointName=ConfigPublish, ruleContent= 

2023-06-18 10:20:50,619 INFO Apply tps control rule parse start,pointName=[ConfigPublish]  

2023-06-18 10:20:50,620 INFO Clear point  control rule ,pointName=[ConfigPublish]  

2023-06-18 10:20:50,621 INFO Clear point  control rule for monitorKeys, pointName=[ConfigPublish]  

2023-06-18 10:20:50,622 INFO Register tps control,pointName=HealthCheck, point=com.alibaba.nacos.core.remote.control.TpsMonitorPoint@d0865a3 

2023-06-18 10:20:50,623 INFO Load rule from local,pointName=HealthCheck, ruleContent= 

2023-06-18 10:20:50,624 INFO Apply tps control rule parse start,pointName=[HealthCheck]  

2023-06-18 10:20:50,625 INFO Clear point  control rule ,pointName=[HealthCheck]  

2023-06-18 10:20:50,626 INFO Clear point  control rule for monitorKeys, pointName=[HealthCheck]  

2023-06-18 10:24:33,597 INFO Register tps control,pointName=NAMING_RPC_PUSH, point=com.alibaba.nacos.core.remote.control.TpsMonitorPoint@59d6f3b3 

2023-06-18 10:24:33,602 INFO Load rule from local,pointName=NAMING_RPC_PUSH, ruleContent= 

2023-06-18 10:24:33,603 INFO Apply tps control rule parse start,pointName=[NAMING_RPC_PUSH]  

2023-06-18 10:24:33,604 INFO Clear point  control rule ,pointName=[NAMING_RPC_PUSH]  

2023-06-18 10:24:33,605 INFO Clear point  control rule for monitorKeys, pointName=[NAMING_RPC_PUSH]  

2023-06-18 10:24:33,606 INFO Register tps control,pointName=NAMING_RPC_PUSH_SUCCESS, point=com.alibaba.nacos.core.remote.control.TpsMonitorPoint@10e8d953 

2023-06-18 10:24:33,608 INFO Load rule from local,pointName=NAMING_RPC_PUSH_SUCCESS, ruleContent= 

2023-06-18 10:24:33,610 INFO Apply tps control rule parse start,pointName=[NAMING_RPC_PUSH_SUCCESS]  

2023-06-18 10:24:33,612 INFO Clear point  control rule ,pointName=[NAMING_RPC_PUSH_SUCCESS]  

2023-06-18 10:24:33,614 INFO Clear point  control rule for monitorKeys, pointName=[NAMING_RPC_PUSH_SUCCESS]  

2023-06-18 10:24:33,615 INFO Register tps control,pointName=NAMING_RPC_PUSH_FAIL, point=com.alibaba.nacos.core.remote.control.TpsMonitorPoint@697475a 

2023-06-18 10:24:33,616 INFO Load rule from local,pointName=NAMING_RPC_PUSH_FAIL, ruleContent= 

2023-06-18 10:24:33,617 INFO Apply tps control rule parse start,pointName=[NAMING_RPC_PUSH_FAIL]  

2023-06-18 10:24:33,618 INFO Clear point  control rule ,pointName=[NAMING_RPC_PUSH_FAIL]  

2023-06-18 10:24:33,619 INFO Clear point  control rule for monitorKeys, pointName=[NAMING_RPC_PUSH_FAIL]  

2023-06-18 10:24:33,620 INFO Register tps control,pointName=NAMING_UDP_PUSH, point=com.alibaba.nacos.core.remote.control.TpsMonitorPoint@2cf7eb0c 

2023-06-18 10:24:33,622 INFO Load rule from local,pointName=NAMING_UDP_PUSH, ruleContent= 

2023-06-18 10:24:33,624 INFO Apply tps control rule parse start,pointName=[NAMING_UDP_PUSH]  

2023-06-18 10:24:33,626 INFO Clear point  control rule ,pointName=[NAMING_UDP_PUSH]  

2023-06-18 10:24:33,627 INFO Clear point  control rule for monitorKeys, pointName=[NAMING_UDP_PUSH]  

2023-06-18 10:24:33,628 INFO Register tps control,pointName=NAMING_UDP_PUSH_SUCCESS, point=com.alibaba.nacos.core.remote.control.TpsMonitorPoint@42d2de4a 

2023-06-18 10:24:33,631 INFO Load rule from local,pointName=NAMING_UDP_PUSH_SUCCESS, ruleContent= 

2023-06-18 10:24:33,633 INFO Apply tps control rule parse start,pointName=[NAMING_UDP_PUSH_SUCCESS]  

2023-06-18 10:24:33,634 INFO Clear point  control rule ,pointName=[NAMING_UDP_PUSH_SUCCESS]  

2023-06-18 10:24:33,636 INFO Clear point  control rule for monitorKeys, pointName=[NAMING_UDP_PUSH_SUCCESS]  

2023-06-18 10:24:33,637 INFO Register tps control,pointName=NAMING_UDP_PUSH_FAIL, point=com.alibaba.nacos.core.remote.control.TpsMonitorPoint@14a6a502 

2023-06-18 10:24:33,638 INFO Load rule from local,pointName=NAMING_UDP_PUSH_FAIL, ruleContent= 

2023-06-18 10:24:33,640 INFO Apply tps control rule parse start,pointName=[NAMING_UDP_PUSH_FAIL]  

2023-06-18 10:24:33,641 INFO Clear point  control rule ,pointName=[NAMING_UDP_PUSH_FAIL]  

2023-06-18 10:24:33,641 INFO Clear point  control rule for monitorKeys, pointName=[NAMING_UDP_PUSH_FAIL]  

2023-06-18 10:24:33,642 INFO Register tps control,pointName=NAMING_DISTRO_SYNC, point=com.alibaba.nacos.core.remote.control.TpsMonitorPoint@28b78d5b 

2023-06-18 10:24:33,643 INFO Load rule from local,pointName=NAMING_DISTRO_SYNC, ruleContent= 

2023-06-18 10:24:33,644 INFO Apply tps control rule parse start,pointName=[NAMING_DISTRO_SYNC]  

2023-06-18 10:24:33,645 INFO Clear point  control rule ,pointName=[NAMING_DISTRO_SYNC]  

2023-06-18 10:24:33,645 INFO Clear point  control rule for monitorKeys, pointName=[NAMING_DISTRO_SYNC]  

2023-06-18 10:24:33,646 INFO Register tps control,pointName=NAMING_DISTRO_SYNC_SUCCESS, point=com.alibaba.nacos.core.remote.control.TpsMonitorPoint@3b0bacca 

2023-06-18 10:24:33,647 INFO Load rule from local,pointName=NAMING_DISTRO_SYNC_SUCCESS, ruleContent= 

2023-06-18 10:24:33,648 INFO Apply tps control rule parse start,pointName=[NAMING_DISTRO_SYNC_SUCCESS]  

2023-06-18 10:24:33,648 INFO Clear point  control rule ,pointName=[NAMING_DISTRO_SYNC_SUCCESS]  

2023-06-18 10:24:33,649 INFO Clear point  control rule for monitorKeys, pointName=[NAMING_DISTRO_SYNC_SUCCESS]  

2023-06-18 10:24:33,650 INFO Register tps control,pointName=NAMING_DISTRO_SYNC_FAIL, point=com.alibaba.nacos.core.remote.control.TpsMonitorPoint@6f7f056f 

2023-06-18 10:24:33,652 INFO Load rule from local,pointName=NAMING_DISTRO_SYNC_FAIL, ruleContent= 

2023-06-18 10:24:33,653 INFO Apply tps control rule parse start,pointName=[NAMING_DISTRO_SYNC_FAIL]  

2023-06-18 10:24:33,653 INFO Clear point  control rule ,pointName=[NAMING_DISTRO_SYNC_FAIL]  

2023-06-18 10:24:33,654 INFO Clear point  control rule for monitorKeys, pointName=[NAMING_DISTRO_SYNC_FAIL]  

2023-06-18 10:24:33,655 INFO Register tps control,pointName=NAMING_DISTRO_VERIFY, point=com.alibaba.nacos.core.remote.control.TpsMonitorPoint@4e503337 

2023-06-18 10:24:33,657 INFO Load rule from local,pointName=NAMING_DISTRO_VERIFY, ruleContent= 

2023-06-18 10:24:33,658 INFO Apply tps control rule parse start,pointName=[NAMING_DISTRO_VERIFY]  

2023-06-18 10:24:33,659 INFO Clear point  control rule ,pointName=[NAMING_DISTRO_VERIFY]  

2023-06-18 10:24:33,661 INFO Clear point  control rule for monitorKeys, pointName=[NAMING_DISTRO_VERIFY]  

2023-06-18 10:24:33,661 INFO Register tps control,pointName=NAMING_DISTRO_VERIFY_SUCCESS, point=com.alibaba.nacos.core.remote.control.TpsMonitorPoint@5a19a2f3 

2023-06-18 10:24:33,663 INFO Load rule from local,pointName=NAMING_DISTRO_VERIFY_SUCCESS, ruleContent= 

2023-06-18 10:24:33,664 INFO Apply tps control rule parse start,pointName=[NAMING_DISTRO_VERIFY_SUCCESS]  

2023-06-18 10:24:33,665 INFO Clear point  control rule ,pointName=[NAMING_DISTRO_VERIFY_SUCCESS]  

2023-06-18 10:24:33,666 INFO Clear point  control rule for monitorKeys, pointName=[NAMING_DISTRO_VERIFY_SUCCESS]  

2023-06-18 10:24:33,667 INFO Register tps control,pointName=NAMING_DISTRO_VERIFY_FAIL, point=com.alibaba.nacos.core.remote.control.TpsMonitorPoint@3c123886 

2023-06-18 10:24:33,668 INFO Load rule from local,pointName=NAMING_DISTRO_VERIFY_FAIL, ruleContent= 

2023-06-18 10:24:33,669 INFO Apply tps control rule parse start,pointName=[NAMING_DISTRO_VERIFY_FAIL]  

2023-06-18 10:24:33,671 INFO Clear point  control rule ,pointName=[NAMING_DISTRO_VERIFY_FAIL]  

2023-06-18 10:24:33,672 INFO Clear point  control rule for monitorKeys, pointName=[NAMING_DISTRO_VERIFY_FAIL]  

2023-06-18 14:19:40,218 INFO Register tps control,pointName=CONFIG_PUSH_COUNT, point=com.alibaba.nacos.core.remote.control.TpsMonitorPoint@5cbd159f 

2023-06-18 14:19:40,219 INFO Load rule from local,pointName=CONFIG_PUSH_COUNT, ruleContent= 

2023-06-18 14:19:40,220 INFO Apply tps control rule parse start,pointName=[CONFIG_PUSH_COUNT]  

2023-06-18 14:19:40,221 INFO Clear point  control rule ,pointName=[CONFIG_PUSH_COUNT]  

2023-06-18 14:19:40,224 INFO Clear point  control rule for monitorKeys, pointName=[CONFIG_PUSH_COUNT]  

2023-06-18 14:19:40,225 INFO Register tps control,pointName=CONFIG_PUSH_SUCCESS, point=com.alibaba.nacos.core.remote.control.TpsMonitorPoint@3b05a99b 

2023-06-18 14:19:40,226 INFO Load rule from local,pointName=CONFIG_PUSH_SUCCESS, ruleContent= 

2023-06-18 14:19:40,227 INFO Apply tps control rule parse start,pointName=[CONFIG_PUSH_SUCCESS]  

2023-06-18 14:19:40,229 INFO Clear point  control rule ,pointName=[CONFIG_PUSH_SUCCESS]  

2023-06-18 14:19:40,230 INFO Clear point  control rule for monitorKeys, pointName=[CONFIG_PUSH_SUCCESS]  

2023-06-18 14:19:40,231 INFO Register tps control,pointName=CONFIG_PUSH_FAIL, point=com.alibaba.nacos.core.remote.control.TpsMonitorPoint@2c43eb8 

2023-06-18 14:19:40,232 INFO Load rule from local,pointName=CONFIG_PUSH_FAIL, ruleContent= 

2023-06-18 14:19:40,233 INFO Apply tps control rule parse start,pointName=[CONFIG_PUSH_FAIL]  

2023-06-18 14:19:40,234 INFO Clear point  control rule ,pointName=[CONFIG_PUSH_FAIL]  

2023-06-18 14:19:40,235 INFO Clear point  control rule for monitorKeys, pointName=[CONFIG_PUSH_FAIL]  

2023-06-18 14:19:41,996 INFO Register tps control,pointName=ConfigQuery, point=com.alibaba.nacos.core.remote.control.TpsMonitorPoint@10dc7d6 

2023-06-18 14:19:41,999 INFO Load rule from local,pointName=ConfigQuery, ruleContent= 

2023-06-18 14:19:41,999 INFO Apply tps control rule parse start,pointName=[ConfigQuery]  

2023-06-18 14:19:42,001 INFO Clear point  control rule ,pointName=[ConfigQuery]  

2023-06-18 14:19:42,001 INFO Clear point  control rule for monitorKeys, pointName=[ConfigQuery]  

2023-06-18 14:19:42,002 INFO Register tps control,pointName=ClusterConfigChangeNotify, point=com.alibaba.nacos.core.remote.control.TpsMonitorPoint@4f668f29 

2023-06-18 14:19:42,003 INFO Load rule from local,pointName=ClusterConfigChangeNotify, ruleContent= 

2023-06-18 14:19:42,004 INFO Apply tps control rule parse start,pointName=[ClusterConfigChangeNotify]  

2023-06-18 14:19:42,004 INFO Clear point  control rule ,pointName=[ClusterConfigChangeNotify]  

2023-06-18 14:19:42,005 INFO Clear point  control rule for monitorKeys, pointName=[ClusterConfigChangeNotify]  

2023-06-18 14:19:42,006 INFO Register tps control,pointName=ConfigListen, point=com.alibaba.nacos.core.remote.control.TpsMonitorPoint@716e431d 

2023-06-18 14:19:42,007 INFO Load rule from local,pointName=ConfigListen, ruleContent= 

2023-06-18 14:19:42,008 INFO Apply tps control rule parse start,pointName=[ConfigListen]  

2023-06-18 14:19:42,008 INFO Clear point  control rule ,pointName=[ConfigListen]  

2023-06-18 14:19:42,009 INFO Clear point  control rule for monitorKeys, pointName=[ConfigListen]  

2023-06-18 14:19:42,010 INFO Register tps control,pointName=ConfigRemove, point=com.alibaba.nacos.core.remote.control.TpsMonitorPoint@7e744f43 

2023-06-18 14:19:42,010 INFO Load rule from local,pointName=ConfigRemove, ruleContent= 

2023-06-18 14:19:42,012 INFO Apply tps control rule parse start,pointName=[ConfigRemove]  

2023-06-18 14:19:42,012 INFO Clear point  control rule ,pointName=[ConfigRemove]  

2023-06-18 14:19:42,013 INFO Clear point  control rule for monitorKeys, pointName=[ConfigRemove]  

2023-06-18 14:19:42,014 INFO Register tps control,pointName=ConfigPublish, point=com.alibaba.nacos.core.remote.control.TpsMonitorPoint@11a8042c 

2023-06-18 14:19:42,016 INFO Load rule from local,pointName=ConfigPublish, ruleContent= 

2023-06-18 14:19:42,017 INFO Apply tps control rule parse start,pointName=[ConfigPublish]  

2023-06-18 14:19:42,017 INFO Clear point  control rule ,pointName=[ConfigPublish]  

2023-06-18 14:19:42,018 INFO Clear point  control rule for monitorKeys, pointName=[ConfigPublish]  

2023-06-18 14:19:42,019 INFO Register tps control,pointName=HealthCheck, point=com.alibaba.nacos.core.remote.control.TpsMonitorPoint@6a4ccef7 

2023-06-18 14:19:42,020 INFO Load rule from local,pointName=HealthCheck, ruleContent= 

2023-06-18 14:19:42,021 INFO Apply tps control rule parse start,pointName=[HealthCheck]  

2023-06-18 14:19:42,021 INFO Clear point  control rule ,pointName=[HealthCheck]  

2023-06-18 14:19:42,022 INFO Clear point  control rule for monitorKeys, pointName=[HealthCheck]  

2023-06-18 14:20:55,965 INFO Register tps control,pointName=NAMING_RPC_PUSH, point=com.alibaba.nacos.core.remote.control.TpsMonitorPoint@3ada5c5 

2023-06-18 14:20:55,972 INFO Load rule from local,pointName=NAMING_RPC_PUSH, ruleContent= 

2023-06-18 14:20:55,975 INFO Apply tps control rule parse start,pointName=[NAMING_RPC_PUSH]  

2023-06-18 14:20:55,982 INFO Clear point  control rule ,pointName=[NAMING_RPC_PUSH]  

2023-06-18 14:20:55,984 INFO Clear point  control rule for monitorKeys, pointName=[NAMING_RPC_PUSH]  

2023-06-18 14:20:55,985 INFO Register tps control,pointName=NAMING_RPC_PUSH_SUCCESS, point=com.alibaba.nacos.core.remote.control.TpsMonitorPoint@3fd3989c 

2023-06-18 14:20:55,988 INFO Load rule from local,pointName=NAMING_RPC_PUSH_SUCCESS, ruleContent= 

2023-06-18 14:20:55,990 INFO Apply tps control rule parse start,pointName=[NAMING_RPC_PUSH_SUCCESS]  

2023-06-18 14:20:55,993 INFO Clear point  control rule ,pointName=[NAMING_RPC_PUSH_SUCCESS]  

2023-06-18 14:20:55,996 INFO Clear point  control rule for monitorKeys, pointName=[NAMING_RPC_PUSH_SUCCESS]  

2023-06-18 14:20:55,998 INFO Register tps control,pointName=NAMING_RPC_PUSH_FAIL, point=com.alibaba.nacos.core.remote.control.TpsMonitorPoint@55d46d1c 

2023-06-18 14:20:56,000 INFO Load rule from local,pointName=NAMING_RPC_PUSH_FAIL, ruleContent= 

2023-06-18 14:20:56,002 INFO Apply tps control rule parse start,pointName=[NAMING_RPC_PUSH_FAIL]  

2023-06-18 14:20:56,004 INFO Clear point  control rule ,pointName=[NAMING_RPC_PUSH_FAIL]  

2023-06-18 14:20:56,005 INFO Clear point  control rule for monitorKeys, pointName=[NAMING_RPC_PUSH_FAIL]  

2023-06-18 14:20:56,006 INFO Register tps control,pointName=NAMING_UDP_PUSH, point=com.alibaba.nacos.core.remote.control.TpsMonitorPoint@76442f97 

2023-06-18 14:20:56,008 INFO Load rule from local,pointName=NAMING_UDP_PUSH, ruleContent= 

2023-06-18 14:20:56,009 INFO Apply tps control rule parse start,pointName=[NAMING_UDP_PUSH]  

2023-06-18 14:20:56,012 INFO Clear point  control rule ,pointName=[NAMING_UDP_PUSH]  

2023-06-18 14:20:56,017 INFO Clear point  control rule for monitorKeys, pointName=[NAMING_UDP_PUSH]  

2023-06-18 14:20:56,020 INFO Register tps control,pointName=NAMING_UDP_PUSH_SUCCESS, point=com.alibaba.nacos.core.remote.control.TpsMonitorPoint@18a92f17 

2023-06-18 14:20:56,022 INFO Load rule from local,pointName=NAMING_UDP_PUSH_SUCCESS, ruleContent= 

2023-06-18 14:20:56,024 INFO Apply tps control rule parse start,pointName=[NAMING_UDP_PUSH_SUCCESS]  

2023-06-18 14:20:56,026 INFO Clear point  control rule ,pointName=[NAMING_UDP_PUSH_SUCCESS]  

2023-06-18 14:20:56,027 INFO Clear point  control rule for monitorKeys, pointName=[NAMING_UDP_PUSH_SUCCESS]  

2023-06-18 14:20:56,028 INFO Register tps control,pointName=NAMING_UDP_PUSH_FAIL, point=com.alibaba.nacos.core.remote.control.TpsMonitorPoint@3b9d43e6 

2023-06-18 14:20:56,030 INFO Load rule from local,pointName=NAMING_UDP_PUSH_FAIL, ruleContent= 

2023-06-18 14:20:56,031 INFO Apply tps control rule parse start,pointName=[NAMING_UDP_PUSH_FAIL]  

2023-06-18 14:20:56,033 INFO Clear point  control rule ,pointName=[NAMING_UDP_PUSH_FAIL]  

2023-06-18 14:20:56,036 INFO Clear point  control rule for monitorKeys, pointName=[NAMING_UDP_PUSH_FAIL]  

2023-06-18 14:20:56,039 INFO Register tps control,pointName=NAMING_DISTRO_SYNC, point=com.alibaba.nacos.core.remote.control.TpsMonitorPoint@4d577504 

2023-06-18 14:20:56,041 INFO Load rule from local,pointName=NAMING_DISTRO_SYNC, ruleContent= 

2023-06-18 14:20:56,043 INFO Apply tps control rule parse start,pointName=[NAMING_DISTRO_SYNC]  

2023-06-18 14:20:56,045 INFO Clear point  control rule ,pointName=[NAMING_DISTRO_SYNC]  

2023-06-18 14:20:56,047 INFO Clear point  control rule for monitorKeys, pointName=[NAMING_DISTRO_SYNC]  

2023-06-18 14:20:56,049 INFO Register tps control,pointName=NAMING_DISTRO_SYNC_SUCCESS, point=com.alibaba.nacos.core.remote.control.TpsMonitorPoint@1a38d3ae 

2023-06-18 14:20:56,051 INFO Load rule from local,pointName=NAMING_DISTRO_SYNC_SUCCESS, ruleContent= 

2023-06-18 14:20:56,052 INFO Apply tps control rule parse start,pointName=[NAMING_DISTRO_SYNC_SUCCESS]  

2023-06-18 14:20:56,054 INFO Clear point  control rule ,pointName=[NAMING_DISTRO_SYNC_SUCCESS]  

2023-06-18 14:20:56,055 INFO Clear point  control rule for monitorKeys, pointName=[NAMING_DISTRO_SYNC_SUCCESS]  

2023-06-18 14:20:56,056 INFO Register tps control,pointName=NAMING_DISTRO_SYNC_FAIL, point=com.alibaba.nacos.core.remote.control.TpsMonitorPoint@4bb89669 

2023-06-18 14:20:56,059 INFO Load rule from local,pointName=NAMING_DISTRO_SYNC_FAIL, ruleContent= 

2023-06-18 14:20:56,060 INFO Apply tps control rule parse start,pointName=[NAMING_DISTRO_SYNC_FAIL]  

2023-06-18 14:20:56,061 INFO Clear point  control rule ,pointName=[NAMING_DISTRO_SYNC_FAIL]  

2023-06-18 14:20:56,062 INFO Clear point  control rule for monitorKeys, pointName=[NAMING_DISTRO_SYNC_FAIL]  

2023-06-18 14:20:56,064 INFO Register tps control,pointName=NAMING_DISTRO_VERIFY, point=com.alibaba.nacos.core.remote.control.TpsMonitorPoint@1aeb6e8b 

2023-06-18 14:20:56,066 INFO Load rule from local,pointName=NAMING_DISTRO_VERIFY, ruleContent= 

2023-06-18 14:20:56,067 INFO Apply tps control rule parse start,pointName=[NAMING_DISTRO_VERIFY]  

2023-06-18 14:20:56,069 INFO Clear point  control rule ,pointName=[NAMING_DISTRO_VERIFY]  

2023-06-18 14:20:56,070 INFO Clear point  control rule for monitorKeys, pointName=[NAMING_DISTRO_VERIFY]  

2023-06-18 14:20:56,072 INFO Register tps control,pointName=NAMING_DISTRO_VERIFY_SUCCESS, point=com.alibaba.nacos.core.remote.control.TpsMonitorPoint@6ce2d787 

2023-06-18 14:20:56,075 INFO Load rule from local,pointName=NAMING_DISTRO_VERIFY_SUCCESS, ruleContent= 

2023-06-18 14:20:56,076 INFO Apply tps control rule parse start,pointName=[NAMING_DISTRO_VERIFY_SUCCESS]  

2023-06-18 14:20:56,080 INFO Clear point  control rule ,pointName=[NAMING_DISTRO_VERIFY_SUCCESS]  

2023-06-18 14:20:56,082 INFO Clear point  control rule for monitorKeys, pointName=[NAMING_DISTRO_VERIFY_SUCCESS]  

2023-06-18 14:20:56,084 INFO Register tps control,pointName=NAMING_DISTRO_VERIFY_FAIL, point=com.alibaba.nacos.core.remote.control.TpsMonitorPoint@309bdc16 

2023-06-18 14:20:56,086 INFO Load rule from local,pointName=NAMING_DISTRO_VERIFY_FAIL, ruleContent= 

2023-06-18 14:20:56,088 INFO Apply tps control rule parse start,pointName=[NAMING_DISTRO_VERIFY_FAIL]  

2023-06-18 14:20:56,090 INFO Clear point  control rule ,pointName=[NAMING_DISTRO_VERIFY_FAIL]  

2023-06-18 14:20:56,092 INFO Clear point  control rule for monitorKeys, pointName=[NAMING_DISTRO_VERIFY_FAIL]  

